{"/Users/jeffkeenan/Development/GitHub/OurSay/backend/src/controllers/analytics.controller.js": {"path":"/Users/jeffkeenan/Development/GitHub/OurSay/backend/src/controllers/analytics.controller.js","statementMap":{"0":{"start":{"line":1,"column":13},"end":{"line":1,"column":34}},"1":{"start":{"line":3,"column":0},"end":{"line":30,"column":2}},"2":{"start":{"line":4,"column":2},"end":{"line":29,"column":3}},"3":{"start":{"line":5,"column":19},"end":{"line":22,"column":6}},"4":{"start":{"line":24,"column":4},"end":{"line":24,"column":33}},"5":{"start":{"line":27,"column":4},"end":{"line":27,"column":23}},"6":{"start":{"line":28,"column":4},"end":{"line":28,"column":61}},"7":{"start":{"line":32,"column":0},"end":{"line":68,"column":2}},"8":{"start":{"line":33,"column":2},"end":{"line":67,"column":3}},"9":{"start":{"line":34,"column":23},"end":{"line":34,"column":33}},"10":{"start":{"line":36,"column":19},"end":{"line":43,"column":16}},"11":{"start":{"line":45,"column":14},"end":{"line":45,"column":15}},"12":{"start":{"line":46,"column":13},"end":{"line":46,"column":14}},"13":{"start":{"line":48,"column":4},"end":{"line":51,"column":7}},"14":{"start":{"line":49,"column":6},"end":{"line":49,"column":52}},"15":{"start":{"line":49,"column":30},"end":{"line":49,"column":52}},"16":{"start":{"line":50,"column":6},"end":{"line":50,"column":50}},"17":{"start":{"line":50,"column":29},"end":{"line":50,"column":50}},"18":{"start":{"line":53,"column":18},"end":{"line":53,"column":26}},"19":{"start":{"line":55,"column":4},"end":{"line":62,"column":7}},"20":{"start":{"line":65,"column":4},"end":{"line":65,"column":23}},"21":{"start":{"line":66,"column":4},"end":{"line":66,"column":68}},"22":{"start":{"line":70,"column":0},"end":{"line":123,"column":2}},"23":{"start":{"line":71,"column":2},"end":{"line":122,"column":3}},"24":{"start":{"line":72,"column":24},"end":{"line":72,"column":34}},"25":{"start":{"line":75,"column":24},"end":{"line":80,"column":17}},"26":{"start":{"line":82,"column":24},"end":{"line":84,"column":17}},"27":{"start":{"line":86,"column":23},"end":{"line":86,"column":55}},"28":{"start":{"line":89,"column":29},"end":{"line":115,"column":5}},"29":{"start":{"line":91,"column":28},"end":{"line":96,"column":21}},"30":{"start":{"line":98,"column":18},"end":{"line":98,"column":19}},"31":{"start":{"line":98,"column":26},"end":{"line":98,"column":27}},"32":{"start":{"line":99,"column":8},"end":{"line":102,"column":11}},"33":{"start":{"line":100,"column":10},"end":{"line":100,"column":56}},"34":{"start":{"line":100,"column":34},"end":{"line":100,"column":56}},"35":{"start":{"line":101,"column":10},"end":{"line":101,"column":56}},"36":{"start":{"line":101,"column":34},"end":{"line":101,"column":56}},"37":{"start":{"line":103,"column":22},"end":{"line":103,"column":30}},"38":{"start":{"line":105,"column":8},"end":{"line":113,"column":10}},"39":{"start":{"line":117,"column":4},"end":{"line":117,"column":87}},"40":{"start":{"line":120,"column":4},"end":{"line":120,"column":23}},"41":{"start":{"line":121,"column":4},"end":{"line":121,"column":76}},"42":{"start":{"line":125,"column":0},"end":{"line":147,"column":2}},"43":{"start":{"line":126,"column":2},"end":{"line":146,"column":3}},"44":{"start":{"line":127,"column":19},"end":{"line":139,"column":6}},"45":{"start":{"line":141,"column":4},"end":{"line":141,"column":33}},"46":{"start":{"line":144,"column":4},"end":{"line":144,"column":23}},"47":{"start":{"line":145,"column":4},"end":{"line":145,"column":65}},"48":{"start":{"line":149,"column":0},"end":{"line":187,"column":2}},"49":{"start":{"line":150,"column":2},"end":{"line":186,"column":3}},"50":{"start":{"line":151,"column":27},"end":{"line":151,"column":37}},"51":{"start":{"line":154,"column":19},"end":{"line":158,"column":20}},"52":{"start":{"line":160,"column":28},"end":{"line":160,"column":56}},"53":{"start":{"line":163,"column":23},"end":{"line":167,"column":20}},"54":{"start":{"line":169,"column":17},"end":{"line":169,"column":56}},"55":{"start":{"line":171,"column":23},"end":{"line":173,"column":9}},"56":{"start":{"line":175,"column":4},"end":{"line":181,"column":7}},"57":{"start":{"line":184,"column":4},"end":{"line":184,"column":23}},"58":{"start":{"line":185,"column":4},"end":{"line":185,"column":74}}},"fnMap":{"0":{"name":"(anonymous_0)","decl":{"start":{"line":3,"column":19},"end":{"line":3,"column":20}},"loc":{"start":{"line":3,"column":39},"end":{"line":30,"column":1}},"line":3},"1":{"name":"(anonymous_1)","decl":{"start":{"line":32,"column":25},"end":{"line":32,"column":26}},"loc":{"start":{"line":32,"column":45},"end":{"line":68,"column":1}},"line":32},"2":{"name":"(anonymous_2)","decl":{"start":{"line":48,"column":24},"end":{"line":48,"column":25}},"loc":{"start":{"line":48,"column":29},"end":{"line":51,"column":5}},"line":48},"3":{"name":"(anonymous_3)","decl":{"start":{"line":70,"column":30},"end":{"line":70,"column":31}},"loc":{"start":{"line":70,"column":50},"end":{"line":123,"column":1}},"line":70},"4":{"name":"(anonymous_4)","decl":{"start":{"line":90,"column":27},"end":{"line":90,"column":28}},"loc":{"start":{"line":90,"column":43},"end":{"line":114,"column":7}},"line":90},"5":{"name":"(anonymous_5)","decl":{"start":{"line":99,"column":33},"end":{"line":99,"column":34}},"loc":{"start":{"line":99,"column":40},"end":{"line":102,"column":9}},"line":99},"6":{"name":"(anonymous_6)","decl":{"start":{"line":125,"column":23},"end":{"line":125,"column":24}},"loc":{"start":{"line":125,"column":43},"end":{"line":147,"column":1}},"line":125},"7":{"name":"(anonymous_7)","decl":{"start":{"line":149,"column":29},"end":{"line":149,"column":30}},"loc":{"start":{"line":149,"column":49},"end":{"line":187,"column":1}},"line":149}},"branchMap":{"0":{"loc":{"start":{"line":49,"column":6},"end":{"line":49,"column":52}},"type":"if","locations":[{"start":{"line":49,"column":6},"end":{"line":49,"column":52}},{"start":{},"end":{}}],"line":49},"1":{"loc":{"start":{"line":50,"column":6},"end":{"line":50,"column":50}},"type":"if","locations":[{"start":{"line":50,"column":6},"end":{"line":50,"column":50}},{"start":{},"end":{}}],"line":50},"2":{"loc":{"start":{"line":59,"column":48},"end":{"line":59,"column":91}},"type":"cond-expr","locations":[{"start":{"line":59,"column":56},"end":{"line":59,"column":87}},{"start":{"line":59,"column":90},"end":{"line":59,"column":91}}],"line":59},"3":{"loc":{"start":{"line":60,"column":46},"end":{"line":60,"column":88}},"type":"cond-expr","locations":[{"start":{"line":60,"column":54},"end":{"line":60,"column":84}},{"start":{"line":60,"column":87},"end":{"line":60,"column":88}}],"line":60},"4":{"loc":{"start":{"line":86,"column":23},"end":{"line":86,"column":55}},"type":"binary-expr","locations":[{"start":{"line":86,"column":23},"end":{"line":86,"column":49}},{"start":{"line":86,"column":53},"end":{"line":86,"column":55}}],"line":86},"5":{"loc":{"start":{"line":100,"column":10},"end":{"line":100,"column":56}},"type":"if","locations":[{"start":{"line":100,"column":10},"end":{"line":100,"column":56}},{"start":{},"end":{}}],"line":100},"6":{"loc":{"start":{"line":101,"column":10},"end":{"line":101,"column":56}},"type":"if","locations":[{"start":{"line":101,"column":10},"end":{"line":101,"column":56}},{"start":{},"end":{}}],"line":101},"7":{"loc":{"start":{"line":110,"column":52},"end":{"line":110,"column":95}},"type":"cond-expr","locations":[{"start":{"line":110,"column":60},"end":{"line":110,"column":91}},{"start":{"line":110,"column":94},"end":{"line":110,"column":95}}],"line":110},"8":{"loc":{"start":{"line":111,"column":52},"end":{"line":111,"column":95}},"type":"cond-expr","locations":[{"start":{"line":111,"column":60},"end":{"line":111,"column":91}},{"start":{"line":111,"column":94},"end":{"line":111,"column":95}}],"line":111},"9":{"loc":{"start":{"line":169,"column":17},"end":{"line":169,"column":56}},"type":"binary-expr","locations":[{"start":{"line":169,"column":17},"end":{"line":169,"column":51}},{"start":{"line":169,"column":55},"end":{"line":169,"column":56}}],"line":169},"10":{"loc":{"start":{"line":171,"column":23},"end":{"line":173,"column":9}},"type":"cond-expr","locations":[{"start":{"line":172,"column":8},"end":{"line":172,"column":50}},{"start":{"line":173,"column":8},"end":{"line":173,"column":9}}],"line":171}},"s":{"0":1,"1":1,"2":2,"3":2,"4":1,"5":1,"6":1,"7":1,"8":3,"9":3,"10":3,"11":2,"12":2,"13":2,"14":2,"15":1,"16":2,"17":1,"18":2,"19":2,"20":1,"21":1,"22":1,"23":3,"24":3,"25":3,"26":2,"27":2,"28":2,"29":1,"30":1,"31":1,"32":1,"33":2,"34":1,"35":2,"36":1,"37":1,"38":1,"39":2,"40":1,"41":1,"42":1,"43":2,"44":2,"45":1,"46":1,"47":1,"48":1,"49":4,"50":4,"51":4,"52":3,"53":3,"54":3,"55":3,"56":3,"57":1,"58":1},"f":{"0":2,"1":3,"2":2,"3":3,"4":1,"5":2,"6":2,"7":4},"b":{"0":[1,1],"1":[1,1],"2":[1,1],"3":[1,1],"4":[2,0],"5":[1,1],"6":[1,1],"7":[1,0],"8":[1,0],"9":[3,1],"10":[2,1]},"_coverageSchema":"1a1c01bbd47fc00a2c39e90264f33305004495a9","hash":"b1b16daf212b1d52df6cfa8c05a0768c8e0cddc3"}
,"/Users/jeffkeenan/Development/GitHub/OurSay/backend/src/controllers/auth.controller.js": {"path":"/Users/jeffkeenan/Development/GitHub/OurSay/backend/src/controllers/auth.controller.js","statementMap":{"0":{"start":{"line":1,"column":15},"end":{"line":1,"column":32}},"1":{"start":{"line":2,"column":13},"end":{"line":2,"column":34}},"2":{"start":{"line":3,"column":26},"end":{"line":3,"column":60}},"3":{"start":{"line":5,"column":20},"end":{"line":5,"column":22}},"4":{"start":{"line":10,"column":0},"end":{"line":54,"column":2}},"5":{"start":{"line":11,"column":2},"end":{"line":53,"column":3}},"6":{"start":{"line":12,"column":35},"end":{"line":12,"column":43}},"7":{"start":{"line":14,"column":4},"end":{"line":16,"column":5}},"8":{"start":{"line":15,"column":6},"end":{"line":15,"column":83}},"9":{"start":{"line":18,"column":4},"end":{"line":20,"column":5}},"10":{"start":{"line":19,"column":6},"end":{"line":19,"column":92}},"11":{"start":{"line":23,"column":26},"end":{"line":23,"column":66}},"12":{"start":{"line":25,"column":19},"end":{"line":32,"column":5}},"13":{"start":{"line":34,"column":17},"end":{"line":34,"column":31}},"14":{"start":{"line":36,"column":18},"end":{"line":38,"column":6}},"15":{"start":{"line":40,"column":4},"end":{"line":44,"column":7}},"16":{"start":{"line":47,"column":4},"end":{"line":49,"column":5}},"17":{"start":{"line":48,"column":6},"end":{"line":48,"column":71}},"18":{"start":{"line":51,"column":4},"end":{"line":51,"column":43}},"19":{"start":{"line":52,"column":4},"end":{"line":52,"column":68}},"20":{"start":{"line":59,"column":0},"end":{"line":104,"column":2}},"21":{"start":{"line":60,"column":2},"end":{"line":103,"column":3}},"22":{"start":{"line":61,"column":19},"end":{"line":61,"column":30}},"23":{"start":{"line":62,"column":45},"end":{"line":62,"column":53}},"24":{"start":{"line":64,"column":4},"end":{"line":66,"column":5}},"25":{"start":{"line":65,"column":6},"end":{"line":65,"column":87}},"26":{"start":{"line":68,"column":4},"end":{"line":70,"column":5}},"27":{"start":{"line":69,"column":6},"end":{"line":69,"column":96}},"28":{"start":{"line":72,"column":4},"end":{"line":74,"column":5}},"29":{"start":{"line":73,"column":6},"end":{"line":73,"column":101}},"30":{"start":{"line":76,"column":19},"end":{"line":79,"column":5}},"31":{"start":{"line":81,"column":4},"end":{"line":83,"column":5}},"32":{"start":{"line":82,"column":6},"end":{"line":82,"column":63}},"33":{"start":{"line":85,"column":26},"end":{"line":85,"column":93}},"34":{"start":{"line":87,"column":4},"end":{"line":89,"column":5}},"35":{"start":{"line":88,"column":6},"end":{"line":88,"column":78}},"36":{"start":{"line":91,"column":20},"end":{"line":91,"column":63}},"37":{"start":{"line":93,"column":4},"end":{"line":96,"column":6}},"38":{"start":{"line":98,"column":4},"end":{"line":98,"column":66}},"39":{"start":{"line":101,"column":4},"end":{"line":101,"column":51}},"40":{"start":{"line":102,"column":4},"end":{"line":102,"column":68}},"41":{"start":{"line":109,"column":0},"end":{"line":157,"column":2}},"42":{"start":{"line":110,"column":2},"end":{"line":156,"column":3}},"43":{"start":{"line":111,"column":35},"end":{"line":111,"column":43}},"44":{"start":{"line":113,"column":4},"end":{"line":115,"column":5}},"45":{"start":{"line":114,"column":6},"end":{"line":114,"column":83}},"46":{"start":{"line":117,"column":19},"end":{"line":124,"column":5}},"47":{"start":{"line":126,"column":4},"end":{"line":128,"column":5}},"48":{"start":{"line":127,"column":6},"end":{"line":127,"column":77}},"49":{"start":{"line":130,"column":17},"end":{"line":130,"column":31}},"50":{"start":{"line":133,"column":26},"end":{"line":133,"column":76}},"51":{"start":{"line":135,"column":4},"end":{"line":137,"column":5}},"52":{"start":{"line":136,"column":6},"end":{"line":136,"column":77}},"53":{"start":{"line":139,"column":18},"end":{"line":141,"column":6}},"54":{"start":{"line":143,"column":4},"end":{"line":151,"column":7}},"55":{"start":{"line":154,"column":4},"end":{"line":154,"column":42}},"56":{"start":{"line":155,"column":4},"end":{"line":155,"column":68}}},"fnMap":{"0":{"name":"(anonymous_0)","decl":{"start":{"line":10,"column":17},"end":{"line":10,"column":18}},"loc":{"start":{"line":10,"column":37},"end":{"line":54,"column":1}},"line":10},"1":{"name":"(anonymous_1)","decl":{"start":{"line":59,"column":25},"end":{"line":59,"column":26}},"loc":{"start":{"line":59,"column":45},"end":{"line":104,"column":1}},"line":59},"2":{"name":"(anonymous_2)","decl":{"start":{"line":109,"column":16},"end":{"line":109,"column":17}},"loc":{"start":{"line":109,"column":36},"end":{"line":157,"column":1}},"line":109}},"branchMap":{"0":{"loc":{"start":{"line":14,"column":4},"end":{"line":16,"column":5}},"type":"if","locations":[{"start":{"line":14,"column":4},"end":{"line":16,"column":5}},{"start":{},"end":{}}],"line":14},"1":{"loc":{"start":{"line":14,"column":8},"end":{"line":14,"column":30}},"type":"binary-expr","locations":[{"start":{"line":14,"column":8},"end":{"line":14,"column":17}},{"start":{"line":14,"column":21},"end":{"line":14,"column":30}}],"line":14},"2":{"loc":{"start":{"line":18,"column":4},"end":{"line":20,"column":5}},"type":"if","locations":[{"start":{"line":18,"column":4},"end":{"line":20,"column":5}},{"start":{},"end":{}}],"line":18},"3":{"loc":{"start":{"line":47,"column":4},"end":{"line":49,"column":5}},"type":"if","locations":[{"start":{"line":47,"column":4},"end":{"line":49,"column":5}},{"start":{},"end":{}}],"line":47},"4":{"loc":{"start":{"line":64,"column":4},"end":{"line":66,"column":5}},"type":"if","locations":[{"start":{"line":64,"column":4},"end":{"line":66,"column":5}},{"start":{},"end":{}}],"line":64},"5":{"loc":{"start":{"line":64,"column":8},"end":{"line":64,"column":40}},"type":"binary-expr","locations":[{"start":{"line":64,"column":8},"end":{"line":64,"column":24}},{"start":{"line":64,"column":28},"end":{"line":64,"column":40}}],"line":64},"6":{"loc":{"start":{"line":68,"column":4},"end":{"line":70,"column":5}},"type":"if","locations":[{"start":{"line":68,"column":4},"end":{"line":70,"column":5}},{"start":{},"end":{}}],"line":68},"7":{"loc":{"start":{"line":72,"column":4},"end":{"line":74,"column":5}},"type":"if","locations":[{"start":{"line":72,"column":4},"end":{"line":74,"column":5}},{"start":{},"end":{}}],"line":72},"8":{"loc":{"start":{"line":81,"column":4},"end":{"line":83,"column":5}},"type":"if","locations":[{"start":{"line":81,"column":4},"end":{"line":83,"column":5}},{"start":{},"end":{}}],"line":81},"9":{"loc":{"start":{"line":87,"column":4},"end":{"line":89,"column":5}},"type":"if","locations":[{"start":{"line":87,"column":4},"end":{"line":89,"column":5}},{"start":{},"end":{}}],"line":87},"10":{"loc":{"start":{"line":113,"column":4},"end":{"line":115,"column":5}},"type":"if","locations":[{"start":{"line":113,"column":4},"end":{"line":115,"column":5}},{"start":{},"end":{}}],"line":113},"11":{"loc":{"start":{"line":113,"column":8},"end":{"line":113,"column":30}},"type":"binary-expr","locations":[{"start":{"line":113,"column":8},"end":{"line":113,"column":17}},{"start":{"line":113,"column":21},"end":{"line":113,"column":30}}],"line":113},"12":{"loc":{"start":{"line":126,"column":4},"end":{"line":128,"column":5}},"type":"if","locations":[{"start":{"line":126,"column":4},"end":{"line":128,"column":5}},{"start":{},"end":{}}],"line":126},"13":{"loc":{"start":{"line":135,"column":4},"end":{"line":137,"column":5}},"type":"if","locations":[{"start":{"line":135,"column":4},"end":{"line":137,"column":5}},{"start":{},"end":{}}],"line":135}},"s":{"0":1,"1":1,"2":1,"3":1,"4":1,"5":7,"6":7,"7":7,"8":2,"9":5,"10":1,"11":4,"12":4,"13":2,"14":2,"15":2,"16":2,"17":1,"18":1,"19":1,"20":1,"21":8,"22":8,"23":8,"24":8,"25":1,"26":7,"27":1,"28":6,"29":1,"30":5,"31":4,"32":1,"33":3,"34":3,"35":1,"36":2,"37":2,"38":2,"39":1,"40":1,"41":1,"42":7,"43":7,"44":7,"45":1,"46":6,"47":5,"48":2,"49":3,"50":3,"51":3,"52":2,"53":1,"54":1,"55":1,"56":1},"f":{"0":7,"1":8,"2":7},"b":{"0":[2,5],"1":[7,6],"2":[1,4],"3":[1,1],"4":[1,7],"5":[8,8],"6":[1,6],"7":[1,5],"8":[1,3],"9":[1,2],"10":[1,6],"11":[7,6],"12":[2,3],"13":[2,1]},"_coverageSchema":"1a1c01bbd47fc00a2c39e90264f33305004495a9","hash":"8594ff9fa843693d8cd29965483b80b7835387b7"}
,"/Users/jeffkeenan/Development/GitHub/OurSay/backend/src/controllers/discussion.controller.js": {"path":"/Users/jeffkeenan/Development/GitHub/OurSay/backend/src/controllers/discussion.controller.js","statementMap":{"0":{"start":{"line":1,"column":13},"end":{"line":1,"column":34}},"1":{"start":{"line":4,"column":0},"end":{"line":29,"column":2}},"2":{"start":{"line":6,"column":2},"end":{"line":28,"column":3}},"3":{"start":{"line":7,"column":19},"end":{"line":22,"column":6}},"4":{"start":{"line":24,"column":4},"end":{"line":24,"column":37}},"5":{"start":{"line":26,"column":4},"end":{"line":26,"column":23}},"6":{"start":{"line":27,"column":4},"end":{"line":27,"column":72}},"7":{"start":{"line":34,"column":0},"end":{"line":76,"column":2}},"8":{"start":{"line":35,"column":22},"end":{"line":35,"column":32}},"9":{"start":{"line":37,"column":2},"end":{"line":75,"column":3}},"10":{"start":{"line":38,"column":19},"end":{"line":69,"column":5}},"11":{"start":{"line":71,"column":4},"end":{"line":71,"column":26}},"12":{"start":{"line":73,"column":4},"end":{"line":73,"column":38}},"13":{"start":{"line":74,"column":4},"end":{"line":74,"column":61}},"14":{"start":{"line":81,"column":0},"end":{"line":133,"column":2}},"15":{"start":{"line":82,"column":17},"end":{"line":82,"column":27}},"16":{"start":{"line":84,"column":2},"end":{"line":132,"column":3}},"17":{"start":{"line":85,"column":29},"end":{"line":103,"column":5}},"18":{"start":{"line":105,"column":4},"end":{"line":107,"column":5}},"19":{"start":{"line":106,"column":6},"end":{"line":106,"column":69}},"20":{"start":{"line":109,"column":27},"end":{"line":123,"column":5}},"21":{"start":{"line":125,"column":4},"end":{"line":128,"column":7}},"22":{"start":{"line":130,"column":4},"end":{"line":130,"column":41}},"23":{"start":{"line":131,"column":4},"end":{"line":131,"column":61}},"24":{"start":{"line":138,"column":0},"end":{"line":176,"column":2}},"25":{"start":{"line":139,"column":2},"end":{"line":175,"column":3}},"26":{"start":{"line":140,"column":19},"end":{"line":169,"column":5}},"27":{"start":{"line":171,"column":4},"end":{"line":171,"column":26}},"28":{"start":{"line":173,"column":4},"end":{"line":173,"column":39}},"29":{"start":{"line":174,"column":4},"end":{"line":174,"column":61}},"30":{"start":{"line":181,"column":0},"end":{"line":213,"column":2}},"31":{"start":{"line":182,"column":17},"end":{"line":182,"column":27}},"32":{"start":{"line":183,"column":19},"end":{"line":183,"column":27}},"33":{"start":{"line":184,"column":17},"end":{"line":184,"column":28}},"34":{"start":{"line":186,"column":2},"end":{"line":188,"column":3}},"35":{"start":{"line":187,"column":4},"end":{"line":187,"column":71}},"36":{"start":{"line":190,"column":2},"end":{"line":212,"column":3}},"37":{"start":{"line":192,"column":23},"end":{"line":195,"column":5}},"38":{"start":{"line":197,"column":29},"end":{"line":197,"column":71}},"39":{"start":{"line":199,"column":19},"end":{"line":206,"column":5}},"40":{"start":{"line":208,"column":4},"end":{"line":208,"column":41}},"41":{"start":{"line":210,"column":4},"end":{"line":210,"column":39}},"42":{"start":{"line":211,"column":4},"end":{"line":211,"column":61}},"43":{"start":{"line":218,"column":0},"end":{"line":248,"column":2}},"44":{"start":{"line":219,"column":26},"end":{"line":219,"column":34}},"45":{"start":{"line":220,"column":17},"end":{"line":220,"column":28}},"46":{"start":{"line":222,"column":29},"end":{"line":222,"column":30}},"47":{"start":{"line":224,"column":2},"end":{"line":226,"column":3}},"48":{"start":{"line":225,"column":4},"end":{"line":225,"column":74}},"49":{"start":{"line":228,"column":2},"end":{"line":230,"column":3}},"50":{"start":{"line":229,"column":4},"end":{"line":229,"column":61}},"51":{"start":{"line":232,"column":2},"end":{"line":247,"column":3}},"52":{"start":{"line":233,"column":19},"end":{"line":240,"column":5}},"53":{"start":{"line":242,"column":4},"end":{"line":242,"column":41}},"54":{"start":{"line":245,"column":4},"end":{"line":245,"column":44}},"55":{"start":{"line":246,"column":4},"end":{"line":246,"column":61}},"56":{"start":{"line":253,"column":0},"end":{"line":295,"column":2}},"57":{"start":{"line":254,"column":17},"end":{"line":254,"column":27}},"58":{"start":{"line":255,"column":23},"end":{"line":255,"column":31}},"59":{"start":{"line":256,"column":17},"end":{"line":256,"column":28}},"60":{"start":{"line":258,"column":2},"end":{"line":260,"column":3}},"61":{"start":{"line":259,"column":4},"end":{"line":259,"column":79}},"62":{"start":{"line":262,"column":16},"end":{"line":262,"column":43}},"63":{"start":{"line":264,"column":2},"end":{"line":294,"column":3}},"64":{"start":{"line":265,"column":4},"end":{"line":273,"column":6}},"65":{"start":{"line":275,"column":19},"end":{"line":284,"column":5}},"66":{"start":{"line":286,"column":4},"end":{"line":290,"column":7}},"67":{"start":{"line":292,"column":4},"end":{"line":292,"column":42}},"68":{"start":{"line":293,"column":4},"end":{"line":293,"column":61}}},"fnMap":{"0":{"name":"(anonymous_0)","decl":{"start":{"line":4,"column":30},"end":{"line":4,"column":31}},"loc":{"start":{"line":4,"column":50},"end":{"line":29,"column":1}},"line":4},"1":{"name":"(anonymous_1)","decl":{"start":{"line":34,"column":32},"end":{"line":34,"column":33}},"loc":{"start":{"line":34,"column":52},"end":{"line":76,"column":1}},"line":34},"2":{"name":"(anonymous_2)","decl":{"start":{"line":81,"column":24},"end":{"line":81,"column":25}},"loc":{"start":{"line":81,"column":44},"end":{"line":133,"column":1}},"line":81},"3":{"name":"(anonymous_3)","decl":{"start":{"line":138,"column":22},"end":{"line":138,"column":23}},"loc":{"start":{"line":138,"column":42},"end":{"line":176,"column":1}},"line":138},"4":{"name":"(anonymous_4)","decl":{"start":{"line":181,"column":22},"end":{"line":181,"column":23}},"loc":{"start":{"line":181,"column":42},"end":{"line":213,"column":1}},"line":181},"5":{"name":"(anonymous_5)","decl":{"start":{"line":218,"column":27},"end":{"line":218,"column":28}},"loc":{"start":{"line":218,"column":47},"end":{"line":248,"column":1}},"line":218},"6":{"name":"(anonymous_6)","decl":{"start":{"line":253,"column":25},"end":{"line":253,"column":26}},"loc":{"start":{"line":253,"column":45},"end":{"line":295,"column":1}},"line":253}},"branchMap":{"0":{"loc":{"start":{"line":24,"column":13},"end":{"line":24,"column":35}},"type":"binary-expr","locations":[{"start":{"line":24,"column":13},"end":{"line":24,"column":27}},{"start":{"line":24,"column":31},"end":{"line":24,"column":35}}],"line":24},"1":{"loc":{"start":{"line":105,"column":4},"end":{"line":107,"column":5}},"type":"if","locations":[{"start":{"line":105,"column":4},"end":{"line":107,"column":5}},{"start":{},"end":{}}],"line":105},"2":{"loc":{"start":{"line":186,"column":2},"end":{"line":188,"column":3}},"type":"if","locations":[{"start":{"line":186,"column":2},"end":{"line":188,"column":3}},{"start":{},"end":{}}],"line":186},"3":{"loc":{"start":{"line":186,"column":6},"end":{"line":186,"column":33}},"type":"binary-expr","locations":[{"start":{"line":186,"column":6},"end":{"line":186,"column":11}},{"start":{"line":186,"column":15},"end":{"line":186,"column":33}}],"line":186},"4":{"loc":{"start":{"line":197,"column":29},"end":{"line":197,"column":71}},"type":"binary-expr","locations":[{"start":{"line":197,"column":29},"end":{"line":197,"column":66}},{"start":{"line":197,"column":70},"end":{"line":197,"column":71}}],"line":197},"5":{"loc":{"start":{"line":224,"column":2},"end":{"line":226,"column":3}},"type":"if","locations":[{"start":{"line":224,"column":2},"end":{"line":226,"column":3}},{"start":{},"end":{}}],"line":224},"6":{"loc":{"start":{"line":224,"column":6},"end":{"line":224,"column":21}},"type":"binary-expr","locations":[{"start":{"line":224,"column":6},"end":{"line":224,"column":12}},{"start":{"line":224,"column":16},"end":{"line":224,"column":21}}],"line":224},"7":{"loc":{"start":{"line":228,"column":2},"end":{"line":230,"column":3}},"type":"if","locations":[{"start":{"line":228,"column":2},"end":{"line":230,"column":3}},{"start":{},"end":{}}],"line":228},"8":{"loc":{"start":{"line":258,"column":2},"end":{"line":260,"column":3}},"type":"if","locations":[{"start":{"line":258,"column":2},"end":{"line":260,"column":3}},{"start":{},"end":{}}],"line":258},"9":{"loc":{"start":{"line":262,"column":16},"end":{"line":262,"column":43}},"type":"cond-expr","locations":[{"start":{"line":262,"column":37},"end":{"line":262,"column":38}},{"start":{"line":262,"column":41},"end":{"line":262,"column":43}}],"line":262}},"s":{"0":1,"1":1,"2":3,"3":3,"4":2,"5":1,"6":1,"7":1,"8":2,"9":2,"10":2,"11":1,"12":1,"13":1,"14":1,"15":3,"16":3,"17":3,"18":2,"19":1,"20":1,"21":1,"22":1,"23":1,"24":1,"25":2,"26":2,"27":1,"28":1,"29":1,"30":1,"31":5,"32":5,"33":5,"34":5,"35":2,"36":3,"37":3,"38":2,"39":2,"40":2,"41":1,"42":1,"43":1,"44":5,"45":5,"46":5,"47":5,"48":2,"49":3,"50":1,"51":2,"52":2,"53":1,"54":1,"55":1,"56":1,"57":5,"58":5,"59":5,"60":5,"61":1,"62":4,"63":4,"64":4,"65":3,"66":3,"67":1,"68":1},"f":{"0":3,"1":2,"2":3,"3":2,"4":5,"5":5,"6":5},"b":{"0":[2,1],"1":[1,1],"2":[2,3],"3":[5,4],"4":[2,0],"5":[2,3],"6":[5,4],"7":[1,2],"8":[1,4],"9":[3,1]},"_coverageSchema":"1a1c01bbd47fc00a2c39e90264f33305004495a9","hash":"36aa6c1c3e855cd9f66803e68bbb9dc6a6c6b58c"}
,"/Users/jeffkeenan/Development/GitHub/OurSay/backend/src/controllers/petition.controller.js": {"path":"/Users/jeffkeenan/Development/GitHub/OurSay/backend/src/controllers/petition.controller.js","statementMap":{"0":{"start":{"line":1,"column":15},"end":{"line":1,"column":32}},"1":{"start":{"line":2,"column":13},"end":{"line":2,"column":34}},"2":{"start":{"line":3,"column":24},"end":{"line":3,"column":63}},"3":{"start":{"line":9,"column":0},"end":{"line":42,"column":2}},"4":{"start":{"line":10,"column":17},"end":{"line":10,"column":28}},"5":{"start":{"line":11,"column":2},"end":{"line":41,"column":3}},"6":{"start":{"line":12,"column":19},"end":{"line":34,"column":16}},"7":{"start":{"line":36,"column":4},"end":{"line":36,"column":26}},"8":{"start":{"line":39,"column":4},"end":{"line":39,"column":47}},"9":{"start":{"line":40,"column":4},"end":{"line":40,"column":72}},"10":{"start":{"line":48,"column":0},"end":{"line":82,"column":2}},"11":{"start":{"line":49,"column":17},"end":{"line":49,"column":28}},"12":{"start":{"line":50,"column":2},"end":{"line":81,"column":3}},"13":{"start":{"line":51,"column":19},"end":{"line":75,"column":16}},"14":{"start":{"line":77,"column":4},"end":{"line":77,"column":37}},"15":{"start":{"line":79,"column":4},"end":{"line":79,"column":45}},"16":{"start":{"line":80,"column":4},"end":{"line":80,"column":70}},"17":{"start":{"line":86,"column":0},"end":{"line":126,"column":2}},"18":{"start":{"line":87,"column":18},"end":{"line":87,"column":39}},"19":{"start":{"line":88,"column":17},"end":{"line":88,"column":28}},"20":{"start":{"line":90,"column":2},"end":{"line":92,"column":3}},"21":{"start":{"line":91,"column":4},"end":{"line":91,"column":63}},"22":{"start":{"line":94,"column":2},"end":{"line":125,"column":3}},"23":{"start":{"line":95,"column":19},"end":{"line":119,"column":5}},"24":{"start":{"line":121,"column":4},"end":{"line":121,"column":26}},"25":{"start":{"line":123,"column":4},"end":{"line":123,"column":47}},"26":{"start":{"line":124,"column":4},"end":{"line":124,"column":74}},"27":{"start":{"line":132,"column":0},"end":{"line":197,"column":2}},"28":{"start":{"line":133,"column":2},"end":{"line":196,"column":3}},"29":{"start":{"line":139,"column":8},"end":{"line":139,"column":16}},"30":{"start":{"line":142,"column":4},"end":{"line":146,"column":5}},"31":{"start":{"line":143,"column":6},"end":{"line":145,"column":9}},"32":{"start":{"line":148,"column":4},"end":{"line":152,"column":5}},"33":{"start":{"line":149,"column":6},"end":{"line":151,"column":9}},"34":{"start":{"line":154,"column":4},"end":{"line":162,"column":5}},"35":{"start":{"line":159,"column":6},"end":{"line":161,"column":9}},"36":{"start":{"line":165,"column":20},"end":{"line":165,"column":21}},"37":{"start":{"line":167,"column":19},"end":{"line":186,"column":5}},"38":{"start":{"line":188,"column":4},"end":{"line":190,"column":7}},"39":{"start":{"line":192,"column":4},"end":{"line":192,"column":49}},"40":{"start":{"line":193,"column":4},"end":{"line":195,"column":7}},"41":{"start":{"line":203,"column":0},"end":{"line":257,"column":2}},"42":{"start":{"line":204,"column":21},"end":{"line":204,"column":42}},"43":{"start":{"line":205,"column":17},"end":{"line":205,"column":28}},"44":{"start":{"line":207,"column":2},"end":{"line":256,"column":3}},"45":{"start":{"line":208,"column":21},"end":{"line":245,"column":5}},"46":{"start":{"line":247,"column":4},"end":{"line":249,"column":5}},"47":{"start":{"line":248,"column":6},"end":{"line":248,"column":67}},"48":{"start":{"line":251,"column":4},"end":{"line":251,"column":22}},"49":{"start":{"line":254,"column":4},"end":{"line":254,"column":23}},"50":{"start":{"line":255,"column":4},"end":{"line":255,"column":64}},"51":{"start":{"line":262,"column":0},"end":{"line":281,"column":2}},"52":{"start":{"line":263,"column":21},"end":{"line":263,"column":42}},"53":{"start":{"line":264,"column":17},"end":{"line":264,"column":28}},"54":{"start":{"line":266,"column":2},"end":{"line":268,"column":3}},"55":{"start":{"line":267,"column":4},"end":{"line":267,"column":66}},"56":{"start":{"line":270,"column":2},"end":{"line":280,"column":3}},"57":{"start":{"line":271,"column":19},"end":{"line":274,"column":6}},"58":{"start":{"line":276,"column":4},"end":{"line":276,"column":28}},"59":{"start":{"line":279,"column":4},"end":{"line":279,"column":70}}},"fnMap":{"0":{"name":"(anonymous_0)","decl":{"start":{"line":9,"column":30},"end":{"line":9,"column":31}},"loc":{"start":{"line":9,"column":50},"end":{"line":42,"column":1}},"line":9},"1":{"name":"(anonymous_1)","decl":{"start":{"line":48,"column":28},"end":{"line":48,"column":29}},"loc":{"start":{"line":48,"column":48},"end":{"line":82,"column":1}},"line":48},"2":{"name":"(anonymous_2)","decl":{"start":{"line":86,"column":30},"end":{"line":86,"column":31}},"loc":{"start":{"line":86,"column":50},"end":{"line":126,"column":1}},"line":86},"3":{"name":"(anonymous_3)","decl":{"start":{"line":132,"column":25},"end":{"line":132,"column":26}},"loc":{"start":{"line":132,"column":45},"end":{"line":197,"column":1}},"line":132},"4":{"name":"(anonymous_4)","decl":{"start":{"line":203,"column":22},"end":{"line":203,"column":23}},"loc":{"start":{"line":203,"column":42},"end":{"line":257,"column":1}},"line":203},"5":{"name":"(anonymous_5)","decl":{"start":{"line":262,"column":23},"end":{"line":262,"column":24}},"loc":{"start":{"line":262,"column":43},"end":{"line":281,"column":1}},"line":262}},"branchMap":{"0":{"loc":{"start":{"line":77,"column":13},"end":{"line":77,"column":35}},"type":"binary-expr","locations":[{"start":{"line":77,"column":13},"end":{"line":77,"column":27}},{"start":{"line":77,"column":31},"end":{"line":77,"column":35}}],"line":77},"1":{"loc":{"start":{"line":90,"column":2},"end":{"line":92,"column":3}},"type":"if","locations":[{"start":{"line":90,"column":2},"end":{"line":92,"column":3}},{"start":{},"end":{}}],"line":90},"2":{"loc":{"start":{"line":90,"column":6},"end":{"line":90,"column":32}},"type":"binary-expr","locations":[{"start":{"line":90,"column":6},"end":{"line":90,"column":14}},{"start":{"line":90,"column":18},"end":{"line":90,"column":32}}],"line":90},"3":{"loc":{"start":{"line":142,"column":4},"end":{"line":146,"column":5}},"type":"if","locations":[{"start":{"line":142,"column":4},"end":{"line":146,"column":5}},{"start":{},"end":{}}],"line":142},"4":{"loc":{"start":{"line":142,"column":8},"end":{"line":142,"column":30}},"type":"binary-expr","locations":[{"start":{"line":142,"column":8},"end":{"line":142,"column":14}},{"start":{"line":142,"column":18},"end":{"line":142,"column":30}}],"line":142},"5":{"loc":{"start":{"line":148,"column":4},"end":{"line":152,"column":5}},"type":"if","locations":[{"start":{"line":148,"column":4},"end":{"line":152,"column":5}},{"start":{},"end":{}}],"line":148},"6":{"loc":{"start":{"line":154,"column":4},"end":{"line":162,"column":5}},"type":"if","locations":[{"start":{"line":154,"column":4},"end":{"line":162,"column":5}},{"start":{},"end":{}}],"line":154},"7":{"loc":{"start":{"line":155,"column":6},"end":{"line":157,"column":33}},"type":"binary-expr","locations":[{"start":{"line":155,"column":6},"end":{"line":155,"column":21}},{"start":{"line":156,"column":6},"end":{"line":156,"column":27}},{"start":{"line":157,"column":6},"end":{"line":157,"column":33}}],"line":155},"8":{"loc":{"start":{"line":247,"column":4},"end":{"line":249,"column":5}},"type":"if","locations":[{"start":{"line":247,"column":4},"end":{"line":249,"column":5}},{"start":{},"end":{}}],"line":247},"9":{"loc":{"start":{"line":266,"column":2},"end":{"line":268,"column":3}},"type":"if","locations":[{"start":{"line":266,"column":2},"end":{"line":268,"column":3}},{"start":{},"end":{}}],"line":266},"10":{"loc":{"start":{"line":266,"column":6},"end":{"line":266,"column":38}},"type":"binary-expr","locations":[{"start":{"line":266,"column":6},"end":{"line":266,"column":17}},{"start":{"line":266,"column":21},"end":{"line":266,"column":38}}],"line":266},"11":{"loc":{"start":{"line":279,"column":22},"end":{"line":279,"column":39}},"type":"binary-expr","locations":[{"start":{"line":279,"column":22},"end":{"line":279,"column":32}},{"start":{"line":279,"column":36},"end":{"line":279,"column":39}}],"line":279}},"s":{"0":1,"1":1,"2":1,"3":1,"4":2,"5":2,"6":2,"7":1,"8":1,"9":1,"10":1,"11":3,"12":3,"13":3,"14":2,"15":1,"16":1,"17":1,"18":3,"19":3,"20":3,"21":1,"22":2,"23":2,"24":1,"25":1,"26":1,"27":1,"28":7,"29":7,"30":7,"31":2,"32":5,"33":1,"34":4,"35":2,"36":2,"37":2,"38":1,"39":1,"40":1,"41":1,"42":3,"43":3,"44":3,"45":3,"46":2,"47":1,"48":1,"49":1,"50":1,"51":1,"52":4,"53":4,"54":4,"55":1,"56":3,"57":3,"58":1,"59":2},"f":{"0":2,"1":3,"2":3,"3":7,"4":3,"5":4},"b":{"0":[2,1],"1":[1,2],"2":[3,2],"3":[2,5],"4":[7,6],"5":[1,4],"6":[2,2],"7":[4,3,3],"8":[1,1],"9":[1,3],"10":[4,3],"11":[2,1]},"_coverageSchema":"1a1c01bbd47fc00a2c39e90264f33305004495a9","hash":"d9da1214ad45caecd9e045cf159205959bebbb4c"}
,"/Users/jeffkeenan/Development/GitHub/OurSay/backend/src/controllers/poll.controller.js": {"path":"/Users/jeffkeenan/Development/GitHub/OurSay/backend/src/controllers/poll.controller.js","statementMap":{"0":{"start":{"line":2,"column":13},"end":{"line":2,"column":34}},"1":{"start":{"line":3,"column":15},"end":{"line":3,"column":32}},"2":{"start":{"line":4,"column":20},"end":{"line":4,"column":55}},"3":{"start":{"line":5,"column":28},"end":{"line":5,"column":71}},"4":{"start":{"line":7,"column":0},"end":{"line":59,"column":2}},"5":{"start":{"line":8,"column":17},"end":{"line":8,"column":28}},"6":{"start":{"line":10,"column":2},"end":{"line":58,"column":3}},"7":{"start":{"line":11,"column":19},"end":{"line":51,"column":16}},"8":{"start":{"line":53,"column":4},"end":{"line":53,"column":37}},"9":{"start":{"line":56,"column":4},"end":{"line":56,"column":47}},"10":{"start":{"line":57,"column":4},"end":{"line":57,"column":66}},"11":{"start":{"line":61,"column":0},"end":{"line":112,"column":2}},"12":{"start":{"line":62,"column":17},"end":{"line":62,"column":28}},"13":{"start":{"line":64,"column":2},"end":{"line":111,"column":3}},"14":{"start":{"line":65,"column":19},"end":{"line":104,"column":16}},"15":{"start":{"line":106,"column":4},"end":{"line":106,"column":26}},"16":{"start":{"line":109,"column":4},"end":{"line":109,"column":43}},"17":{"start":{"line":110,"column":4},"end":{"line":110,"column":68}},"18":{"start":{"line":115,"column":0},"end":{"line":163,"column":2}},"19":{"start":{"line":116,"column":17},"end":{"line":116,"column":28}},"20":{"start":{"line":117,"column":18},"end":{"line":117,"column":44}},"21":{"start":{"line":119,"column":2},"end":{"line":121,"column":3}},"22":{"start":{"line":120,"column":4},"end":{"line":120,"column":63}},"23":{"start":{"line":123,"column":2},"end":{"line":162,"column":3}},"24":{"start":{"line":124,"column":19},"end":{"line":155,"column":25}},"25":{"start":{"line":157,"column":4},"end":{"line":157,"column":26}},"26":{"start":{"line":160,"column":4},"end":{"line":160,"column":23}},"27":{"start":{"line":161,"column":4},"end":{"line":161,"column":66}},"28":{"start":{"line":166,"column":0},"end":{"line":226,"column":2}},"29":{"start":{"line":167,"column":22},"end":{"line":167,"column":52}},"30":{"start":{"line":168,"column":17},"end":{"line":168,"column":28}},"31":{"start":{"line":170,"column":2},"end":{"line":225,"column":3}},"32":{"start":{"line":173,"column":6},"end":{"line":173,"column":57}},"33":{"start":{"line":176,"column":24},"end":{"line":183,"column":5}},"34":{"start":{"line":185,"column":4},"end":{"line":187,"column":5}},"35":{"start":{"line":186,"column":6},"end":{"line":186,"column":69}},"36":{"start":{"line":189,"column":43},"end":{"line":189,"column":62}},"37":{"start":{"line":192,"column":4},"end":{"line":196,"column":5}},"38":{"start":{"line":193,"column":6},"end":{"line":195,"column":9}},"39":{"start":{"line":199,"column":19},"end":{"line":218,"column":5}},"40":{"start":{"line":220,"column":4},"end":{"line":220,"column":26}},"41":{"start":{"line":223,"column":4},"end":{"line":223,"column":43}},"42":{"start":{"line":224,"column":4},"end":{"line":224,"column":60}},"43":{"start":{"line":230,"column":0},"end":{"line":251,"column":2}},"44":{"start":{"line":231,"column":17},"end":{"line":231,"column":40}},"45":{"start":{"line":232,"column":21},"end":{"line":232,"column":29}},"46":{"start":{"line":233,"column":17},"end":{"line":233,"column":28}},"47":{"start":{"line":235,"column":2},"end":{"line":237,"column":3}},"48":{"start":{"line":236,"column":4},"end":{"line":236,"column":61}},"49":{"start":{"line":239,"column":2},"end":{"line":250,"column":3}},"50":{"start":{"line":240,"column":19},"end":{"line":244,"column":6}},"51":{"start":{"line":246,"column":4},"end":{"line":246,"column":21}},"52":{"start":{"line":249,"column":4},"end":{"line":249,"column":70}}},"fnMap":{"0":{"name":"(anonymous_0)","decl":{"start":{"line":7,"column":24},"end":{"line":7,"column":25}},"loc":{"start":{"line":7,"column":44},"end":{"line":59,"column":1}},"line":7},"1":{"name":"(anonymous_1)","decl":{"start":{"line":61,"column":26},"end":{"line":61,"column":27}},"loc":{"start":{"line":61,"column":46},"end":{"line":112,"column":1}},"line":61},"2":{"name":"(anonymous_2)","decl":{"start":{"line":115,"column":31},"end":{"line":115,"column":32}},"loc":{"start":{"line":115,"column":51},"end":{"line":163,"column":1}},"line":115},"3":{"name":"(anonymous_3)","decl":{"start":{"line":166,"column":26},"end":{"line":166,"column":27}},"loc":{"start":{"line":166,"column":46},"end":{"line":226,"column":1}},"line":166},"4":{"name":"(anonymous_4)","decl":{"start":{"line":230,"column":19},"end":{"line":230,"column":20}},"loc":{"start":{"line":230,"column":39},"end":{"line":251,"column":1}},"line":230}},"branchMap":{"0":{"loc":{"start":{"line":53,"column":13},"end":{"line":53,"column":35}},"type":"binary-expr","locations":[{"start":{"line":53,"column":13},"end":{"line":53,"column":27}},{"start":{"line":53,"column":31},"end":{"line":53,"column":35}}],"line":53},"1":{"loc":{"start":{"line":119,"column":2},"end":{"line":121,"column":3}},"type":"if","locations":[{"start":{"line":119,"column":2},"end":{"line":121,"column":3}},{"start":{},"end":{}}],"line":119},"2":{"loc":{"start":{"line":119,"column":6},"end":{"line":119,"column":32}},"type":"binary-expr","locations":[{"start":{"line":119,"column":6},"end":{"line":119,"column":14}},{"start":{"line":119,"column":18},"end":{"line":119,"column":32}}],"line":119},"3":{"loc":{"start":{"line":185,"column":4},"end":{"line":187,"column":5}},"type":"if","locations":[{"start":{"line":185,"column":4},"end":{"line":187,"column":5}},{"start":{},"end":{}}],"line":185},"4":{"loc":{"start":{"line":192,"column":4},"end":{"line":196,"column":5}},"type":"if","locations":[{"start":{"line":192,"column":4},"end":{"line":196,"column":5}},{"start":{},"end":{}}],"line":192},"5":{"loc":{"start":{"line":235,"column":2},"end":{"line":237,"column":3}},"type":"if","locations":[{"start":{"line":235,"column":2},"end":{"line":237,"column":3}},{"start":{},"end":{}}],"line":235},"6":{"loc":{"start":{"line":249,"column":22},"end":{"line":249,"column":39}},"type":"binary-expr","locations":[{"start":{"line":249,"column":22},"end":{"line":249,"column":32}},{"start":{"line":249,"column":36},"end":{"line":249,"column":39}}],"line":249}},"s":{"0":1,"1":1,"2":1,"3":1,"4":1,"5":3,"6":3,"7":3,"8":2,"9":1,"10":1,"11":1,"12":2,"13":2,"14":2,"15":1,"16":1,"17":1,"18":1,"19":3,"20":3,"21":3,"22":1,"23":2,"24":2,"25":1,"26":1,"27":1,"28":1,"29":4,"30":4,"31":4,"32":4,"33":3,"34":3,"35":1,"36":2,"37":2,"38":1,"39":1,"40":1,"41":1,"42":1,"43":1,"44":5,"45":5,"46":5,"47":5,"48":1,"49":4,"50":4,"51":2,"52":2},"f":{"0":3,"1":2,"2":3,"3":4,"4":5},"b":{"0":[2,1],"1":[1,2],"2":[3,2],"3":[1,2],"4":[1,1],"5":[1,4],"6":[2,0]},"_coverageSchema":"1a1c01bbd47fc00a2c39e90264f33305004495a9","hash":"0c01396a75564bcfb1f1b036666c6ae5a6dc753c"}
,"/Users/jeffkeenan/Development/GitHub/OurSay/backend/src/controllers/topic.controller.js": {"path":"/Users/jeffkeenan/Development/GitHub/OurSay/backend/src/controllers/topic.controller.js","statementMap":{"0":{"start":{"line":1,"column":13},"end":{"line":1,"column":34}},"1":{"start":{"line":3,"column":0},"end":{"line":16,"column":2}},"2":{"start":{"line":4,"column":2},"end":{"line":15,"column":3}},"3":{"start":{"line":5,"column":19},"end":{"line":9,"column":5}},"4":{"start":{"line":11,"column":4},"end":{"line":11,"column":26}},"5":{"start":{"line":13,"column":4},"end":{"line":13,"column":49}},"6":{"start":{"line":14,"column":4},"end":{"line":14,"column":61}}},"fnMap":{"0":{"name":"(anonymous_0)","decl":{"start":{"line":3,"column":20},"end":{"line":3,"column":21}},"loc":{"start":{"line":3,"column":40},"end":{"line":16,"column":1}},"line":3}},"branchMap":{},"s":{"0":1,"1":1,"2":3,"3":3,"4":2,"5":1,"6":1},"f":{"0":3},"b":{},"_coverageSchema":"1a1c01bbd47fc00a2c39e90264f33305004495a9","hash":"ff585ee3aacd311006f984e7b6f0ed0ff2345449"}
,"/Users/jeffkeenan/Development/GitHub/OurSay/backend/src/controllers/verify.controller.js": {"path":"/Users/jeffkeenan/Development/GitHub/OurSay/backend/src/controllers/verify.controller.js","statementMap":{"0":{"start":{"line":1,"column":15},"end":{"line":1,"column":32}},"1":{"start":{"line":2,"column":13},"end":{"line":2,"column":34}},"2":{"start":{"line":7,"column":4},"end":{"line":7,"column":42}},"3":{"start":{"line":11,"column":4},"end":{"line":11,"column":39}},"4":{"start":{"line":13,"column":0},"end":{"line":15,"column":3}},"5":{"start":{"line":17,"column":22},"end":{"line":17,"column":47}},"6":{"start":{"line":20,"column":26},"end":{"line":20,"column":31}},"7":{"start":{"line":23,"column":38},"end":{"line":23,"column":40}},"8":{"start":{"line":25,"column":18},"end":{"line":31,"column":1}},"9":{"start":{"line":33,"column":20},"end":{"line":33,"column":52}},"10":{"start":{"line":34,"column":17},"end":{"line":34,"column":46}},"11":{"start":{"line":40,"column":0},"end":{"line":60,"column":2}},"12":{"start":{"line":41,"column":2},"end":{"line":59,"column":3}},"13":{"start":{"line":42,"column":19},"end":{"line":42,"column":30}},"14":{"start":{"line":43,"column":4},"end":{"line":45,"column":5}},"15":{"start":{"line":44,"column":6},"end":{"line":44,"column":63}},"16":{"start":{"line":47,"column":4},"end":{"line":49,"column":5}},"17":{"start":{"line":48,"column":6},"end":{"line":48,"column":63}},"18":{"start":{"line":51,"column":20},"end":{"line":51,"column":60}},"19":{"start":{"line":52,"column":21},"end":{"line":52,"column":52}},"20":{"start":{"line":54,"column":4},"end":{"line":54,"column":55}},"21":{"start":{"line":57,"column":4},"end":{"line":57,"column":61}},"22":{"start":{"line":58,"column":4},"end":{"line":58,"column":80}},"23":{"start":{"line":66,"column":0},"end":{"line":118,"column":2}},"24":{"start":{"line":67,"column":2},"end":{"line":117,"column":3}},"25":{"start":{"line":68,"column":19},"end":{"line":68,"column":30}},"26":{"start":{"line":69,"column":26},"end":{"line":69,"column":34}},"27":{"start":{"line":71,"column":4},"end":{"line":73,"column":5}},"28":{"start":{"line":72,"column":6},"end":{"line":72,"column":68}},"29":{"start":{"line":75,"column":4},"end":{"line":86,"column":5}},"30":{"start":{"line":76,"column":6},"end":{"line":80,"column":8}},"31":{"start":{"line":81,"column":6},"end":{"line":84,"column":8}},"32":{"start":{"line":85,"column":6},"end":{"line":85,"column":81}},"33":{"start":{"line":88,"column":20},"end":{"line":88,"column":86}},"34":{"start":{"line":89,"column":19},"end":{"line":89,"column":50}},"35":{"start":{"line":91,"column":23},"end":{"line":91,"column":45}},"36":{"start":{"line":92,"column":19},"end":{"line":92,"column":62}},"37":{"start":{"line":94,"column":4},"end":{"line":99,"column":5}},"38":{"start":{"line":95,"column":6},"end":{"line":98,"column":9}},"39":{"start":{"line":101,"column":4},"end":{"line":105,"column":6}},"40":{"start":{"line":107,"column":4},"end":{"line":110,"column":6}},"41":{"start":{"line":112,"column":4},"end":{"line":112,"column":79}},"42":{"start":{"line":115,"column":4},"end":{"line":115,"column":56}},"43":{"start":{"line":116,"column":4},"end":{"line":116,"column":75}},"44":{"start":{"line":121,"column":0},"end":{"line":261,"column":2}},"45":{"start":{"line":122,"column":2},"end":{"line":260,"column":3}},"46":{"start":{"line":123,"column":4},"end":{"line":125,"column":5}},"47":{"start":{"line":124,"column":6},"end":{"line":124,"column":65}},"48":{"start":{"line":127,"column":19},"end":{"line":127,"column":30}},"49":{"start":{"line":128,"column":4},"end":{"line":130,"column":5}},"50":{"start":{"line":129,"column":6},"end":{"line":129,"column":63}},"51":{"start":{"line":132,"column":4},"end":{"line":144,"column":5}},"52":{"start":{"line":133,"column":24},"end":{"line":133,"column":49}},"53":{"start":{"line":134,"column":6},"end":{"line":138,"column":8}},"54":{"start":{"line":139,"column":6},"end":{"line":142,"column":8}},"55":{"start":{"line":143,"column":6},"end":{"line":143,"column":81}},"56":{"start":{"line":148,"column":4},"end":{"line":156,"column":5}},"57":{"start":{"line":149,"column":22},"end":{"line":151,"column":8}},"58":{"start":{"line":152,"column":6},"end":{"line":152,"column":52}},"59":{"start":{"line":154,"column":6},"end":{"line":154,"column":52}},"60":{"start":{"line":155,"column":6},"end":{"line":155,"column":119}},"61":{"start":{"line":158,"column":16},"end":{"line":158,"column":53}},"62":{"start":{"line":160,"column":4},"end":{"line":162,"column":5}},"63":{"start":{"line":161,"column":6},"end":{"line":161,"column":125}},"64":{"start":{"line":165,"column":19},"end":{"line":165,"column":21}},"65":{"start":{"line":166,"column":4},"end":{"line":173,"column":5}},"66":{"start":{"line":167,"column":18},"end":{"line":167,"column":34}},"67":{"start":{"line":168,"column":20},"end":{"line":168,"column":46}},"68":{"start":{"line":169,"column":25},"end":{"line":169,"column":62}},"69":{"start":{"line":170,"column":6},"end":{"line":172,"column":7}},"70":{"start":{"line":171,"column":8},"end":{"line":171,"column":28}},"71":{"start":{"line":176,"column":4},"end":{"line":182,"column":7}},"72":{"start":{"line":177,"column":43},"end":{"line":181,"column":7}},"73":{"start":{"line":184,"column":27},"end":{"line":184,"column":52}},"74":{"start":{"line":185,"column":24},"end":{"line":185,"column":47}},"75":{"start":{"line":186,"column":27},"end":{"line":186,"column":52}},"76":{"start":{"line":188,"column":4},"end":{"line":190,"column":5}},"77":{"start":{"line":189,"column":6},"end":{"line":189,"column":120}},"78":{"start":{"line":192,"column":4},"end":{"line":194,"column":5}},"79":{"start":{"line":193,"column":6},"end":{"line":193,"column":47}},"80":{"start":{"line":196,"column":24},"end":{"line":196,"column":58}},"81":{"start":{"line":197,"column":22},"end":{"line":200,"column":20}},"82":{"start":{"line":205,"column":6},"end":{"line":205,"column":28}},"83":{"start":{"line":205,"column":16},"end":{"line":205,"column":28}},"84":{"start":{"line":208,"column":29},"end":{"line":208,"column":74}},"85":{"start":{"line":209,"column":6},"end":{"line":212,"column":7}},"86":{"start":{"line":210,"column":40},"end":{"line":210,"column":54}},"87":{"start":{"line":211,"column":8},"end":{"line":211,"column":54}},"88":{"start":{"line":215,"column":25},"end":{"line":215,"column":39}},"89":{"start":{"line":216,"column":6},"end":{"line":219,"column":7}},"90":{"start":{"line":217,"column":35},"end":{"line":217,"column":45}},"91":{"start":{"line":218,"column":8},"end":{"line":218,"column":85}},"92":{"start":{"line":221,"column":6},"end":{"line":221,"column":27}},"93":{"start":{"line":224,"column":4},"end":{"line":226,"column":5}},"94":{"start":{"line":225,"column":6},"end":{"line":225,"column":113}},"95":{"start":{"line":228,"column":27},"end":{"line":228,"column":60}},"96":{"start":{"line":230,"column":4},"end":{"line":232,"column":5}},"97":{"start":{"line":231,"column":6},"end":{"line":231,"column":113}},"98":{"start":{"line":234,"column":4},"end":{"line":236,"column":5}},"99":{"start":{"line":235,"column":6},"end":{"line":235,"column":99}},"100":{"start":{"line":238,"column":29},"end":{"line":238,"column":80}},"101":{"start":{"line":239,"column":22},"end":{"line":239,"column":91}},"102":{"start":{"line":241,"column":4},"end":{"line":245,"column":6}},"103":{"start":{"line":247,"column":4},"end":{"line":250,"column":6}},"104":{"start":{"line":252,"column":4},"end":{"line":252,"column":67}},"105":{"start":{"line":255,"column":4},"end":{"line":257,"column":5}},"106":{"start":{"line":256,"column":6},"end":{"line":256,"column":110}},"107":{"start":{"line":258,"column":4},"end":{"line":258,"column":56}},"108":{"start":{"line":259,"column":4},"end":{"line":259,"column":75}},"109":{"start":{"line":264,"column":0},"end":{"line":360,"column":2}},"110":{"start":{"line":265,"column":2},"end":{"line":359,"column":3}},"111":{"start":{"line":266,"column":19},"end":{"line":266,"column":30}},"112":{"start":{"line":267,"column":4},"end":{"line":269,"column":5}},"113":{"start":{"line":268,"column":6},"end":{"line":268,"column":63}},"114":{"start":{"line":271,"column":27},"end":{"line":283,"column":5}},"115":{"start":{"line":285,"column":4},"end":{"line":287,"column":5}},"116":{"start":{"line":286,"column":6},"end":{"line":286,"column":72}},"117":{"start":{"line":289,"column":27},"end":{"line":289,"column":60}},"118":{"start":{"line":291,"column":4},"end":{"line":312,"column":5}},"119":{"start":{"line":292,"column":6},"end":{"line":300,"column":8}},"120":{"start":{"line":302,"column":6},"end":{"line":309,"column":8}},"121":{"start":{"line":311,"column":6},"end":{"line":311,"column":76}},"122":{"start":{"line":315,"column":36},"end":{"line":315,"column":44}},"123":{"start":{"line":317,"column":4},"end":{"line":317,"column":78}},"124":{"start":{"line":318,"column":4},"end":{"line":318,"column":71}},"125":{"start":{"line":320,"column":4},"end":{"line":322,"column":5}},"126":{"start":{"line":321,"column":6},"end":{"line":321,"column":82}},"127":{"start":{"line":325,"column":6},"end":{"line":326,"column":45}},"128":{"start":{"line":329,"column":4},"end":{"line":329,"column":59}},"129":{"start":{"line":331,"column":21},"end":{"line":331,"column":30}},"130":{"start":{"line":333,"column":4},"end":{"line":352,"column":5}},"131":{"start":{"line":334,"column":6},"end":{"line":342,"column":8}},"132":{"start":{"line":344,"column":6},"end":{"line":351,"column":8}},"133":{"start":{"line":354,"column":4},"end":{"line":354,"column":59}},"134":{"start":{"line":357,"column":4},"end":{"line":357,"column":57}},"135":{"start":{"line":358,"column":4},"end":{"line":358,"column":76}},"136":{"start":{"line":363,"column":0},"end":{"line":391,"column":2}},"137":{"start":{"line":364,"column":2},"end":{"line":390,"column":3}},"138":{"start":{"line":365,"column":19},"end":{"line":365,"column":30}},"139":{"start":{"line":367,"column":19},"end":{"line":378,"column":5}},"140":{"start":{"line":380,"column":4},"end":{"line":382,"column":5}},"141":{"start":{"line":381,"column":6},"end":{"line":381,"column":59}},"142":{"start":{"line":384,"column":19},"end":{"line":384,"column":33}},"143":{"start":{"line":385,"column":4},"end":{"line":385,"column":81}},"144":{"start":{"line":388,"column":4},"end":{"line":388,"column":64}},"145":{"start":{"line":389,"column":4},"end":{"line":389,"column":70}}},"fnMap":{"0":{"name":"(anonymous_0)","decl":{"start":{"line":40,"column":32},"end":{"line":40,"column":33}},"loc":{"start":{"line":40,"column":52},"end":{"line":60,"column":1}},"line":40},"1":{"name":"(anonymous_1)","decl":{"start":{"line":66,"column":26},"end":{"line":66,"column":27}},"loc":{"start":{"line":66,"column":46},"end":{"line":118,"column":1}},"line":66},"2":{"name":"(anonymous_2)","decl":{"start":{"line":121,"column":25},"end":{"line":121,"column":26}},"loc":{"start":{"line":121,"column":45},"end":{"line":261,"column":1}},"line":121},"3":{"name":"(anonymous_3)","decl":{"start":{"line":177,"column":37},"end":{"line":177,"column":38}},"loc":{"start":{"line":177,"column":43},"end":{"line":181,"column":7}},"line":177},"4":{"name":"parseTextractDate","decl":{"start":{"line":204,"column":13},"end":{"line":204,"column":30}},"loc":{"start":{"line":204,"column":36},"end":{"line":222,"column":5}},"line":204},"5":{"name":"(anonymous_5)","decl":{"start":{"line":264,"column":26},"end":{"line":264,"column":27}},"loc":{"start":{"line":264,"column":46},"end":{"line":360,"column":1}},"line":264},"6":{"name":"(anonymous_6)","decl":{"start":{"line":363,"column":33},"end":{"line":363,"column":34}},"loc":{"start":{"line":363,"column":53},"end":{"line":391,"column":1}},"line":363}},"branchMap":{"0":{"loc":{"start":{"line":26,"column":10},"end":{"line":26,"column":47}},"type":"binary-expr","locations":[{"start":{"line":26,"column":10},"end":{"line":26,"column":32}},{"start":{"line":26,"column":36},"end":{"line":26,"column":47}}],"line":26},"1":{"loc":{"start":{"line":43,"column":4},"end":{"line":45,"column":5}},"type":"if","locations":[{"start":{"line":43,"column":4},"end":{"line":45,"column":5}},{"start":{},"end":{}}],"line":43},"2":{"loc":{"start":{"line":47,"column":4},"end":{"line":49,"column":5}},"type":"if","locations":[{"start":{"line":47,"column":4},"end":{"line":49,"column":5}},{"start":{},"end":{}}],"line":47},"3":{"loc":{"start":{"line":71,"column":4},"end":{"line":73,"column":5}},"type":"if","locations":[{"start":{"line":71,"column":4},"end":{"line":73,"column":5}},{"start":{},"end":{}}],"line":71},"4":{"loc":{"start":{"line":75,"column":4},"end":{"line":86,"column":5}},"type":"if","locations":[{"start":{"line":75,"column":4},"end":{"line":86,"column":5}},{"start":{},"end":{}}],"line":75},"5":{"loc":{"start":{"line":91,"column":23},"end":{"line":91,"column":45}},"type":"binary-expr","locations":[{"start":{"line":91,"column":23},"end":{"line":91,"column":40}},{"start":{"line":91,"column":44},"end":{"line":91,"column":45}}],"line":91},"6":{"loc":{"start":{"line":94,"column":4},"end":{"line":99,"column":5}},"type":"if","locations":[{"start":{"line":94,"column":4},"end":{"line":99,"column":5}},{"start":{},"end":{}}],"line":94},"7":{"loc":{"start":{"line":123,"column":4},"end":{"line":125,"column":5}},"type":"if","locations":[{"start":{"line":123,"column":4},"end":{"line":125,"column":5}},{"start":{},"end":{}}],"line":123},"8":{"loc":{"start":{"line":128,"column":4},"end":{"line":130,"column":5}},"type":"if","locations":[{"start":{"line":128,"column":4},"end":{"line":130,"column":5}},{"start":{},"end":{}}],"line":128},"9":{"loc":{"start":{"line":132,"column":4},"end":{"line":144,"column":5}},"type":"if","locations":[{"start":{"line":132,"column":4},"end":{"line":144,"column":5}},{"start":{},"end":{}}],"line":132},"10":{"loc":{"start":{"line":160,"column":4},"end":{"line":162,"column":5}},"type":"if","locations":[{"start":{"line":160,"column":4},"end":{"line":162,"column":5}},{"start":{},"end":{}}],"line":160},"11":{"loc":{"start":{"line":166,"column":24},"end":{"line":166,"column":56}},"type":"binary-expr","locations":[{"start":{"line":166,"column":24},"end":{"line":166,"column":50}},{"start":{"line":166,"column":54},"end":{"line":166,"column":56}}],"line":166},"12":{"loc":{"start":{"line":169,"column":25},"end":{"line":169,"column":62}},"type":"binary-expr","locations":[{"start":{"line":169,"column":25},"end":{"line":169,"column":57}},{"start":{"line":169,"column":61},"end":{"line":169,"column":62}}],"line":169},"13":{"loc":{"start":{"line":170,"column":6},"end":{"line":172,"column":7}},"type":"if","locations":[{"start":{"line":170,"column":6},"end":{"line":172,"column":7}},{"start":{},"end":{}}],"line":170},"14":{"loc":{"start":{"line":170,"column":10},"end":{"line":170,"column":42}},"type":"binary-expr","locations":[{"start":{"line":170,"column":10},"end":{"line":170,"column":13}},{"start":{"line":170,"column":17},"end":{"line":170,"column":22}},{"start":{"line":170,"column":26},"end":{"line":170,"column":42}}],"line":170},"15":{"loc":{"start":{"line":188,"column":4},"end":{"line":190,"column":5}},"type":"if","locations":[{"start":{"line":188,"column":4},"end":{"line":190,"column":5}},{"start":{},"end":{}}],"line":188},"16":{"loc":{"start":{"line":188,"column":8},"end":{"line":188,"column":39}},"type":"binary-expr","locations":[{"start":{"line":188,"column":8},"end":{"line":188,"column":23}},{"start":{"line":188,"column":27},"end":{"line":188,"column":39}}],"line":188},"17":{"loc":{"start":{"line":192,"column":4},"end":{"line":194,"column":5}},"type":"if","locations":[{"start":{"line":192,"column":4},"end":{"line":194,"column":5}},{"start":{},"end":{}}],"line":192},"18":{"loc":{"start":{"line":205,"column":6},"end":{"line":205,"column":28}},"type":"if","locations":[{"start":{"line":205,"column":6},"end":{"line":205,"column":28}},{"start":{},"end":{}}],"line":205},"19":{"loc":{"start":{"line":209,"column":6},"end":{"line":212,"column":7}},"type":"if","locations":[{"start":{"line":209,"column":6},"end":{"line":212,"column":7}},{"start":{},"end":{}}],"line":209},"20":{"loc":{"start":{"line":216,"column":6},"end":{"line":219,"column":7}},"type":"if","locations":[{"start":{"line":216,"column":6},"end":{"line":219,"column":7}},{"start":{},"end":{}}],"line":216},"21":{"loc":{"start":{"line":224,"column":4},"end":{"line":226,"column":5}},"type":"if","locations":[{"start":{"line":224,"column":4},"end":{"line":226,"column":5}},{"start":{},"end":{}}],"line":224},"22":{"loc":{"start":{"line":230,"column":4},"end":{"line":232,"column":5}},"type":"if","locations":[{"start":{"line":230,"column":4},"end":{"line":232,"column":5}},{"start":{},"end":{}}],"line":230},"23":{"loc":{"start":{"line":230,"column":8},"end":{"line":230,"column":58}},"type":"binary-expr","locations":[{"start":{"line":230,"column":8},"end":{"line":230,"column":23}},{"start":{"line":230,"column":27},"end":{"line":230,"column":58}}],"line":230},"24":{"loc":{"start":{"line":234,"column":4},"end":{"line":236,"column":5}},"type":"if","locations":[{"start":{"line":234,"column":4},"end":{"line":236,"column":5}},{"start":{},"end":{}}],"line":234},"25":{"loc":{"start":{"line":239,"column":22},"end":{"line":239,"column":91}},"type":"cond-expr","locations":[{"start":{"line":239,"column":58},"end":{"line":239,"column":72}},{"start":{"line":239,"column":75},"end":{"line":239,"column":91}}],"line":239},"26":{"loc":{"start":{"line":255,"column":4},"end":{"line":257,"column":5}},"type":"if","locations":[{"start":{"line":255,"column":4},"end":{"line":257,"column":5}},{"start":{},"end":{}}],"line":255},"27":{"loc":{"start":{"line":267,"column":4},"end":{"line":269,"column":5}},"type":"if","locations":[{"start":{"line":267,"column":4},"end":{"line":269,"column":5}},{"start":{},"end":{}}],"line":267},"28":{"loc":{"start":{"line":285,"column":4},"end":{"line":287,"column":5}},"type":"if","locations":[{"start":{"line":285,"column":4},"end":{"line":287,"column":5}},{"start":{},"end":{}}],"line":285},"29":{"loc":{"start":{"line":291,"column":4},"end":{"line":312,"column":5}},"type":"if","locations":[{"start":{"line":291,"column":4},"end":{"line":312,"column":5}},{"start":{},"end":{}}],"line":291},"30":{"loc":{"start":{"line":320,"column":4},"end":{"line":322,"column":5}},"type":"if","locations":[{"start":{"line":320,"column":4},"end":{"line":322,"column":5}},{"start":{},"end":{}}],"line":320},"31":{"loc":{"start":{"line":320,"column":8},"end":{"line":320,"column":57}},"type":"binary-expr","locations":[{"start":{"line":320,"column":8},"end":{"line":320,"column":30}},{"start":{"line":320,"column":34},"end":{"line":320,"column":57}}],"line":320},"32":{"loc":{"start":{"line":325,"column":6},"end":{"line":326,"column":45}},"type":"binary-expr","locations":[{"start":{"line":325,"column":6},"end":{"line":325,"column":22}},{"start":{"line":325,"column":26},"end":{"line":325,"column":42}},{"start":{"line":326,"column":6},"end":{"line":326,"column":24}},{"start":{"line":326,"column":28},"end":{"line":326,"column":45}}],"line":325},"33":{"loc":{"start":{"line":333,"column":4},"end":{"line":352,"column":5}},"type":"if","locations":[{"start":{"line":333,"column":4},"end":{"line":352,"column":5}},{"start":{},"end":{}}],"line":333},"34":{"loc":{"start":{"line":354,"column":39},"end":{"line":354,"column":55}},"type":"cond-expr","locations":[{"start":{"line":354,"column":50},"end":{"line":354,"column":51}},{"start":{"line":354,"column":54},"end":{"line":354,"column":55}}],"line":354},"35":{"loc":{"start":{"line":380,"column":4},"end":{"line":382,"column":5}},"type":"if","locations":[{"start":{"line":380,"column":4},"end":{"line":382,"column":5}},{"start":{},"end":{}}],"line":380}},"s":{"0":1,"1":1,"2":1,"3":1,"4":1,"5":1,"6":1,"7":1,"8":1,"9":1,"10":1,"11":1,"12":2,"13":2,"14":2,"15":0,"16":2,"17":0,"18":2,"19":2,"20":1,"21":1,"22":1,"23":1,"24":6,"25":6,"26":6,"27":6,"28":1,"29":5,"30":0,"31":0,"32":0,"33":5,"34":5,"35":4,"36":4,"37":4,"38":2,"39":2,"40":2,"41":2,"42":1,"43":1,"44":1,"45":0,"46":0,"47":0,"48":0,"49":0,"50":0,"51":0,"52":0,"53":0,"54":0,"55":0,"56":0,"57":0,"58":0,"59":0,"60":0,"61":0,"62":0,"63":0,"64":0,"65":0,"66":0,"67":0,"68":0,"69":0,"70":0,"71":0,"72":0,"73":0,"74":0,"75":0,"76":0,"77":0,"78":0,"79":0,"80":0,"81":0,"82":0,"83":0,"84":0,"85":0,"86":0,"87":0,"88":0,"89":0,"90":0,"91":0,"92":0,"93":0,"94":0,"95":0,"96":0,"97":0,"98":0,"99":0,"100":0,"101":0,"102":0,"103":0,"104":0,"105":0,"106":0,"107":0,"108":0,"109":1,"110":5,"111":5,"112":5,"113":0,"114":5,"115":5,"116":1,"117":4,"118":4,"119":0,"120":0,"121":0,"122":4,"123":4,"124":4,"125":4,"126":1,"127":3,"128":3,"129":3,"130":3,"131":2,"132":2,"133":3,"134":0,"135":0,"136":1,"137":4,"138":4,"139":4,"140":3,"141":1,"142":2,"143":2,"144":1,"145":1},"f":{"0":2,"1":6,"2":0,"3":0,"4":0,"5":5,"6":4},"b":{"0":[1,0],"1":[0,2],"2":[0,2],"3":[1,5],"4":[0,5],"5":[4,0],"6":[2,2],"7":[0,0],"8":[0,0],"9":[0,0],"10":[0,0],"11":[0,0],"12":[0,0],"13":[0,0],"14":[0,0,0],"15":[0,0],"16":[0,0],"17":[0,0],"18":[0,0],"19":[0,0],"20":[0,0],"21":[0,0],"22":[0,0],"23":[0,0],"24":[0,0],"25":[0,0],"26":[0,0],"27":[0,5],"28":[1,4],"29":[0,4],"30":[1,3],"31":[4,3],"32":[3,3,3,3],"33":[2,1],"34":[2,1],"35":[1,2]},"_coverageSchema":"1a1c01bbd47fc00a2c39e90264f33305004495a9","hash":"04631c0aec7011c5066374c19585328419650d1f"}
,"/Users/jeffkeenan/Development/GitHub/OurSay/backend/src/middleware/auth.middleware.js": {"path":"/Users/jeffkeenan/Development/GitHub/OurSay/backend/src/middleware/auth.middleware.js","statementMap":{"0":{"start":{"line":1,"column":24},"end":{"line":1,"column":58}},"1":{"start":{"line":3,"column":0},"end":{"line":19,"column":2}},"2":{"start":{"line":4,"column":21},"end":{"line":4,"column":46}},"3":{"start":{"line":6,"column":2},"end":{"line":8,"column":3}},"4":{"start":{"line":7,"column":4},"end":{"line":7,"column":70}},"5":{"start":{"line":10,"column":16},"end":{"line":10,"column":40}},"6":{"start":{"line":12,"column":2},"end":{"line":18,"column":3}},"7":{"start":{"line":13,"column":20},"end":{"line":13,"column":38}},"8":{"start":{"line":14,"column":4},"end":{"line":14,"column":38}},"9":{"start":{"line":15,"column":4},"end":{"line":15,"column":11}},"10":{"start":{"line":17,"column":4},"end":{"line":17,"column":71}}},"fnMap":{"0":{"name":"requireAuth","decl":{"start":{"line":3,"column":26},"end":{"line":3,"column":37}},"loc":{"start":{"line":3,"column":54},"end":{"line":19,"column":1}},"line":3}},"branchMap":{"0":{"loc":{"start":{"line":6,"column":2},"end":{"line":8,"column":3}},"type":"if","locations":[{"start":{"line":6,"column":2},"end":{"line":8,"column":3}},{"start":{},"end":{}}],"line":6},"1":{"loc":{"start":{"line":6,"column":6},"end":{"line":6,"column":54}},"type":"binary-expr","locations":[{"start":{"line":6,"column":6},"end":{"line":6,"column":17}},{"start":{"line":6,"column":21},"end":{"line":6,"column":54}}],"line":6}},"s":{"0":1,"1":1,"2":11,"3":11,"4":3,"5":8,"6":8,"7":8,"8":2,"9":2,"10":6},"f":{"0":11},"b":{"0":[3,8],"1":[11,10]},"_coverageSchema":"1a1c01bbd47fc00a2c39e90264f33305004495a9","hash":"dbf64118b5f5131b40ee636cb15e76fef88d896b"}
,"/Users/jeffkeenan/Development/GitHub/OurSay/backend/src/middleware/tier.middleware.js": {"path":"/Users/jeffkeenan/Development/GitHub/OurSay/backend/src/middleware/tier.middleware.js","statementMap":{"0":{"start":{"line":1,"column":13},"end":{"line":1,"column":34}},"1":{"start":{"line":3,"column":0},"end":{"line":37,"column":2}},"2":{"start":{"line":4,"column":2},"end":{"line":36,"column":4}},"3":{"start":{"line":5,"column":4},"end":{"line":35,"column":5}},"4":{"start":{"line":6,"column":6},"end":{"line":8,"column":7}},"5":{"start":{"line":7,"column":8},"end":{"line":7,"column":74}},"6":{"start":{"line":10,"column":21},"end":{"line":10,"column":32}},"7":{"start":{"line":12,"column":21},"end":{"line":18,"column":18}},"8":{"start":{"line":20,"column":19},"end":{"line":20,"column":46}},"9":{"start":{"line":22,"column":6},"end":{"line":28,"column":7}},"10":{"start":{"line":23,"column":8},"end":{"line":27,"column":11}},"11":{"start":{"line":30,"column":6},"end":{"line":30,"column":13}},"12":{"start":{"line":33,"column":6},"end":{"line":33,"column":51}},"13":{"start":{"line":34,"column":6},"end":{"line":34,"column":71}}},"fnMap":{"0":{"name":"requireTier","decl":{"start":{"line":3,"column":26},"end":{"line":3,"column":37}},"loc":{"start":{"line":3,"column":47},"end":{"line":37,"column":1}},"line":3},"1":{"name":"(anonymous_1)","decl":{"start":{"line":4,"column":9},"end":{"line":4,"column":10}},"loc":{"start":{"line":4,"column":41},"end":{"line":36,"column":3}},"line":4}},"branchMap":{"0":{"loc":{"start":{"line":6,"column":6},"end":{"line":8,"column":7}},"type":"if","locations":[{"start":{"line":6,"column":6},"end":{"line":8,"column":7}},{"start":{},"end":{}}],"line":6},"1":{"loc":{"start":{"line":22,"column":6},"end":{"line":28,"column":7}},"type":"if","locations":[{"start":{"line":22,"column":6},"end":{"line":28,"column":7}},{"start":{},"end":{}}],"line":22}},"s":{"0":1,"1":1,"2":13,"3":13,"4":13,"5":2,"6":11,"7":11,"8":9,"9":9,"10":4,"11":5,"12":2,"13":2},"f":{"0":13,"1":13},"b":{"0":[2,11],"1":[4,5]},"_coverageSchema":"1a1c01bbd47fc00a2c39e90264f33305004495a9","hash":"efe1956a6a5fa22355015078881b20d8fe177a58"}
,"/Users/jeffkeenan/Development/GitHub/OurSay/backend/src/services/actionToken.service.js": {"path":"/Users/jeffkeenan/Development/GitHub/OurSay/backend/src/services/actionToken.service.js","statementMap":{"0":{"start":{"line":1,"column":15},"end":{"line":1,"column":32}},"1":{"start":{"line":4,"column":2},"end":{"line":4,"column":48}},"2":{"start":{"line":7,"column":0},"end":{"line":9,"column":2}}},"fnMap":{"0":{"name":"generateActionToken","decl":{"start":{"line":3,"column":9},"end":{"line":3,"column":28}},"loc":{"start":{"line":3,"column":31},"end":{"line":5,"column":1}},"line":3}},"branchMap":{},"s":{"0":5,"1":1005,"2":5},"f":{"0":1005},"b":{},"_coverageSchema":"1a1c01bbd47fc00a2c39e90264f33305004495a9","hash":"bc005e9d2b03b8d35787d3eb11e50159cafa55a4"}
,"/Users/jeffkeenan/Development/GitHub/OurSay/backend/src/services/jwt.service.js": {"path":"/Users/jeffkeenan/Development/GitHub/OurSay/backend/src/services/jwt.service.js","statementMap":{"0":{"start":{"line":1,"column":12},"end":{"line":1,"column":35}},"1":{"start":{"line":2,"column":30},"end":{"line":2,"column":61}},"2":{"start":{"line":5,"column":2},"end":{"line":5,"column":50}},"3":{"start":{"line":9,"column":2},"end":{"line":9,"column":35}},"4":{"start":{"line":12,"column":0},"end":{"line":15,"column":2}}},"fnMap":{"0":{"name":"generateToken","decl":{"start":{"line":4,"column":9},"end":{"line":4,"column":22}},"loc":{"start":{"line":4,"column":32},"end":{"line":6,"column":1}},"line":4},"1":{"name":"verifyToken","decl":{"start":{"line":8,"column":9},"end":{"line":8,"column":20}},"loc":{"start":{"line":8,"column":28},"end":{"line":10,"column":1}},"line":8}},"branchMap":{},"s":{"0":3,"1":3,"2":13,"3":16,"4":3},"f":{"0":13,"1":16},"b":{},"_coverageSchema":"1a1c01bbd47fc00a2c39e90264f33305004495a9","hash":"b5ae86e728f690013a0e8c98542e87799d28d001"}
,"/Users/jeffkeenan/Development/GitHub/OurSay/backend/src/services/petition.service.js": {"path":"/Users/jeffkeenan/Development/GitHub/OurSay/backend/src/services/petition.service.js","statementMap":{"0":{"start":{"line":1,"column":13},"end":{"line":1,"column":34}},"1":{"start":{"line":2,"column":28},"end":{"line":2,"column":61}},"2":{"start":{"line":3,"column":32},"end":{"line":3,"column":64}},"3":{"start":{"line":5,"column":0},"end":{"line":94,"column":2}},"4":{"start":{"line":6,"column":17},"end":{"line":6,"column":37}},"5":{"start":{"line":8,"column":2},"end":{"line":93,"column":3}},"6":{"start":{"line":9,"column":4},"end":{"line":9,"column":32}},"7":{"start":{"line":13,"column":6},"end":{"line":13,"column":57}},"8":{"start":{"line":15,"column":27},"end":{"line":20,"column":5}},"9":{"start":{"line":22,"column":4},"end":{"line":24,"column":5}},"10":{"start":{"line":23,"column":6},"end":{"line":23,"column":44}},"11":{"start":{"line":26,"column":43},"end":{"line":26,"column":65}},"12":{"start":{"line":29,"column":4},"end":{"line":31,"column":5}},"13":{"start":{"line":30,"column":6},"end":{"line":30,"column":57}},"14":{"start":{"line":34,"column":4},"end":{"line":36,"column":5}},"15":{"start":{"line":35,"column":6},"end":{"line":35,"column":63}},"16":{"start":{"line":39,"column":4},"end":{"line":43,"column":6}},"17":{"start":{"line":46,"column":18},"end":{"line":46,"column":39}},"18":{"start":{"line":48,"column":4},"end":{"line":53,"column":6}},"19":{"start":{"line":56,"column":4},"end":{"line":60,"column":6}},"20":{"start":{"line":62,"column":4},"end":{"line":67,"column":6}},"21":{"start":{"line":70,"column":4},"end":{"line":75,"column":6}},"22":{"start":{"line":77,"column":4},"end":{"line":77,"column":33}},"23":{"start":{"line":79,"column":4},"end":{"line":79,"column":29}},"24":{"start":{"line":82,"column":4},"end":{"line":82,"column":35}},"25":{"start":{"line":84,"column":4},"end":{"line":88,"column":5}},"26":{"start":{"line":85,"column":28},"end":{"line":85,"column":87}},"27":{"start":{"line":86,"column":6},"end":{"line":86,"column":33}},"28":{"start":{"line":87,"column":6},"end":{"line":87,"column":26}},"29":{"start":{"line":89,"column":4},"end":{"line":89,"column":14}},"30":{"start":{"line":92,"column":4},"end":{"line":92,"column":21}}},"fnMap":{"0":{"name":"(anonymous_0)","decl":{"start":{"line":5,"column":23},"end":{"line":5,"column":24}},"loc":{"start":{"line":5,"column":57},"end":{"line":94,"column":1}},"line":5}},"branchMap":{"0":{"loc":{"start":{"line":22,"column":4},"end":{"line":24,"column":5}},"type":"if","locations":[{"start":{"line":22,"column":4},"end":{"line":24,"column":5}},{"start":{},"end":{}}],"line":22},"1":{"loc":{"start":{"line":29,"column":4},"end":{"line":31,"column":5}},"type":"if","locations":[{"start":{"line":29,"column":4},"end":{"line":31,"column":5}},{"start":{},"end":{}}],"line":29},"2":{"loc":{"start":{"line":34,"column":4},"end":{"line":36,"column":5}},"type":"if","locations":[{"start":{"line":34,"column":4},"end":{"line":36,"column":5}},{"start":{},"end":{}}],"line":34},"3":{"loc":{"start":{"line":34,"column":8},"end":{"line":34,"column":56}},"type":"binary-expr","locations":[{"start":{"line":34,"column":8},"end":{"line":34,"column":39}},{"start":{"line":34,"column":43},"end":{"line":34,"column":56}}],"line":34},"4":{"loc":{"start":{"line":84,"column":4},"end":{"line":88,"column":5}},"type":"if","locations":[{"start":{"line":84,"column":4},"end":{"line":88,"column":5}},{"start":{},"end":{}}],"line":84}},"s":{"0":2,"1":2,"2":2,"3":2,"4":16,"5":16,"6":16,"7":16,"8":15,"9":14,"10":2,"11":12,"12":12,"13":3,"14":9,"15":1,"16":8,"17":5,"18":5,"19":5,"20":5,"21":5,"22":5,"23":5,"24":11,"25":11,"26":2,"27":2,"28":2,"29":9,"30":16},"f":{"0":16},"b":{"0":[2,12],"1":[3,9],"2":[1,8],"3":[9,9],"4":[2,9]},"_coverageSchema":"1a1c01bbd47fc00a2c39e90264f33305004495a9","hash":"cc949e0e058e9dc5dfea10e35db512102c4a3fdc"}
,"/Users/jeffkeenan/Development/GitHub/OurSay/backend/src/services/poll.service.js": {"path":"/Users/jeffkeenan/Development/GitHub/OurSay/backend/src/services/poll.service.js","statementMap":{"0":{"start":{"line":1,"column":13},"end":{"line":1,"column":34}},"1":{"start":{"line":2,"column":28},"end":{"line":2,"column":61}},"2":{"start":{"line":3,"column":32},"end":{"line":3,"column":64}},"3":{"start":{"line":5,"column":0},"end":{"line":103,"column":2}},"4":{"start":{"line":6,"column":17},"end":{"line":6,"column":37}},"5":{"start":{"line":8,"column":2},"end":{"line":102,"column":3}},"6":{"start":{"line":9,"column":4},"end":{"line":9,"column":32}},"7":{"start":{"line":11,"column":4},"end":{"line":13,"column":5}},"8":{"start":{"line":12,"column":6},"end":{"line":12,"column":40}},"9":{"start":{"line":16,"column":44},"end":{"line":16,"column":95}},"10":{"start":{"line":18,"column":23},"end":{"line":28,"column":5}},"11":{"start":{"line":30,"column":4},"end":{"line":32,"column":5}},"12":{"start":{"line":31,"column":6},"end":{"line":31,"column":40}},"13":{"start":{"line":34,"column":43},"end":{"line":34,"column":61}},"14":{"start":{"line":37,"column":4},"end":{"line":39,"column":5}},"15":{"start":{"line":38,"column":6},"end":{"line":38,"column":57}},"16":{"start":{"line":42,"column":4},"end":{"line":44,"column":5}},"17":{"start":{"line":43,"column":6},"end":{"line":43,"column":63}},"18":{"start":{"line":47,"column":4},"end":{"line":51,"column":6}},"19":{"start":{"line":54,"column":18},"end":{"line":54,"column":39}},"20":{"start":{"line":56,"column":4},"end":{"line":61,"column":6}},"21":{"start":{"line":64,"column":4},"end":{"line":68,"column":6}},"22":{"start":{"line":70,"column":4},"end":{"line":75,"column":6}},"23":{"start":{"line":78,"column":4},"end":{"line":83,"column":6}},"24":{"start":{"line":85,"column":4},"end":{"line":85,"column":33}},"25":{"start":{"line":87,"column":4},"end":{"line":87,"column":29}},"26":{"start":{"line":90,"column":4},"end":{"line":90,"column":35}},"27":{"start":{"line":92,"column":4},"end":{"line":96,"column":5}},"28":{"start":{"line":93,"column":28},"end":{"line":93,"column":85}},"29":{"start":{"line":94,"column":6},"end":{"line":94,"column":33}},"30":{"start":{"line":95,"column":6},"end":{"line":95,"column":26}},"31":{"start":{"line":98,"column":4},"end":{"line":98,"column":14}},"32":{"start":{"line":101,"column":4},"end":{"line":101,"column":21}}},"fnMap":{"0":{"name":"(anonymous_0)","decl":{"start":{"line":5,"column":19},"end":{"line":5,"column":20}},"loc":{"start":{"line":5,"column":57},"end":{"line":103,"column":1}},"line":5}},"branchMap":{"0":{"loc":{"start":{"line":11,"column":4},"end":{"line":13,"column":5}},"type":"if","locations":[{"start":{"line":11,"column":4},"end":{"line":13,"column":5}},{"start":{},"end":{}}],"line":11},"1":{"loc":{"start":{"line":30,"column":4},"end":{"line":32,"column":5}},"type":"if","locations":[{"start":{"line":30,"column":4},"end":{"line":32,"column":5}},{"start":{},"end":{}}],"line":30},"2":{"loc":{"start":{"line":37,"column":4},"end":{"line":39,"column":5}},"type":"if","locations":[{"start":{"line":37,"column":4},"end":{"line":39,"column":5}},{"start":{},"end":{}}],"line":37},"3":{"loc":{"start":{"line":42,"column":4},"end":{"line":44,"column":5}},"type":"if","locations":[{"start":{"line":42,"column":4},"end":{"line":44,"column":5}},{"start":{},"end":{}}],"line":42},"4":{"loc":{"start":{"line":42,"column":8},"end":{"line":42,"column":56}},"type":"binary-expr","locations":[{"start":{"line":42,"column":8},"end":{"line":42,"column":39}},{"start":{"line":42,"column":43},"end":{"line":42,"column":56}}],"line":42},"5":{"loc":{"start":{"line":92,"column":4},"end":{"line":96,"column":5}},"type":"if","locations":[{"start":{"line":92,"column":4},"end":{"line":96,"column":5}},{"start":{},"end":{}}],"line":92}},"s":{"0":2,"1":2,"2":2,"3":2,"4":19,"5":19,"6":19,"7":19,"8":8,"9":11,"10":10,"11":10,"12":1,"13":9,"14":9,"15":1,"16":8,"17":1,"18":7,"19":4,"20":4,"21":4,"22":4,"23":4,"24":4,"25":4,"26":15,"27":15,"28":2,"29":2,"30":2,"31":13,"32":19},"f":{"0":19},"b":{"0":[8,11],"1":[1,9],"2":[1,8],"3":[1,7],"4":[8,8],"5":[2,13]},"_coverageSchema":"1a1c01bbd47fc00a2c39e90264f33305004495a9","hash":"7882e59c89e04b74eccb863b9a85917a89db84d7"}
,"/Users/jeffkeenan/Development/GitHub/OurSay/backend/src/services/verification.service.js": {"path":"/Users/jeffkeenan/Development/GitHub/OurSay/backend/src/services/verification.service.js","statementMap":{"0":{"start":{"line":1,"column":13},"end":{"line":1,"column":34}},"1":{"start":{"line":3,"column":0},"end":{"line":34,"column":2}},"2":{"start":{"line":4,"column":17},"end":{"line":11,"column":3}},"3":{"start":{"line":13,"column":2},"end":{"line":15,"column":3}},"4":{"start":{"line":14,"column":4},"end":{"line":14,"column":52}},"5":{"start":{"line":17,"column":22},"end":{"line":17,"column":23}},"6":{"start":{"line":18,"column":21},"end":{"line":18,"column":25}},"7":{"start":{"line":20,"column":2},"end":{"line":28,"column":3}},"8":{"start":{"line":22,"column":4},"end":{"line":22,"column":55}},"9":{"start":{"line":25,"column":4},"end":{"line":27,"column":5}},"10":{"start":{"line":26,"column":6},"end":{"line":26,"column":39}},"11":{"start":{"line":30,"column":2},"end":{"line":33,"column":4}}},"fnMap":{"0":{"name":"(anonymous_0)","decl":{"start":{"line":3,"column":28},"end":{"line":3,"column":29}},"loc":{"start":{"line":3,"column":46},"end":{"line":34,"column":1}},"line":3}},"branchMap":{"0":{"loc":{"start":{"line":13,"column":2},"end":{"line":15,"column":3}},"type":"if","locations":[{"start":{"line":13,"column":2},"end":{"line":15,"column":3}},{"start":{},"end":{}}],"line":13},"1":{"loc":{"start":{"line":25,"column":4},"end":{"line":27,"column":5}},"type":"if","locations":[{"start":{"line":25,"column":4},"end":{"line":27,"column":5}},{"start":{},"end":{}}],"line":25}},"s":{"0":5,"1":5,"2":12,"3":11,"4":5,"5":6,"6":6,"7":6,"8":9,"9":9,"10":5,"11":6},"f":{"0":12},"b":{"0":[5,6],"1":[5,4]},"_coverageSchema":"1a1c01bbd47fc00a2c39e90264f33305004495a9","hash":"5ca3fbeecdbd1048c853f14425fa3c19445df453"}
}
