{"/Users/jeffkeenan/Development/GitHub/OurSay/backend/src/controllers/auth.controller.js": {"path":"/Users/jeffkeenan/Development/GitHub/OurSay/backend/src/controllers/auth.controller.js","statementMap":{"0":{"start":{"line":1,"column":15},"end":{"line":1,"column":32}},"1":{"start":{"line":2,"column":13},"end":{"line":2,"column":34}},"2":{"start":{"line":3,"column":26},"end":{"line":3,"column":60}},"3":{"start":{"line":5,"column":20},"end":{"line":5,"column":22}},"4":{"start":{"line":10,"column":0},"end":{"line":54,"column":2}},"5":{"start":{"line":11,"column":2},"end":{"line":53,"column":3}},"6":{"start":{"line":12,"column":35},"end":{"line":12,"column":43}},"7":{"start":{"line":14,"column":4},"end":{"line":16,"column":5}},"8":{"start":{"line":15,"column":6},"end":{"line":15,"column":83}},"9":{"start":{"line":18,"column":4},"end":{"line":20,"column":5}},"10":{"start":{"line":19,"column":6},"end":{"line":19,"column":92}},"11":{"start":{"line":23,"column":26},"end":{"line":23,"column":66}},"12":{"start":{"line":25,"column":19},"end":{"line":32,"column":5}},"13":{"start":{"line":34,"column":17},"end":{"line":34,"column":31}},"14":{"start":{"line":36,"column":18},"end":{"line":38,"column":6}},"15":{"start":{"line":40,"column":4},"end":{"line":44,"column":7}},"16":{"start":{"line":47,"column":4},"end":{"line":49,"column":5}},"17":{"start":{"line":48,"column":6},"end":{"line":48,"column":71}},"18":{"start":{"line":51,"column":4},"end":{"line":51,"column":43}},"19":{"start":{"line":52,"column":4},"end":{"line":52,"column":68}},"20":{"start":{"line":59,"column":0},"end":{"line":104,"column":2}},"21":{"start":{"line":60,"column":2},"end":{"line":103,"column":3}},"22":{"start":{"line":61,"column":19},"end":{"line":61,"column":30}},"23":{"start":{"line":62,"column":45},"end":{"line":62,"column":53}},"24":{"start":{"line":64,"column":4},"end":{"line":66,"column":5}},"25":{"start":{"line":65,"column":6},"end":{"line":65,"column":87}},"26":{"start":{"line":68,"column":4},"end":{"line":70,"column":5}},"27":{"start":{"line":69,"column":6},"end":{"line":69,"column":96}},"28":{"start":{"line":72,"column":4},"end":{"line":74,"column":5}},"29":{"start":{"line":73,"column":6},"end":{"line":73,"column":101}},"30":{"start":{"line":76,"column":19},"end":{"line":79,"column":5}},"31":{"start":{"line":81,"column":4},"end":{"line":83,"column":5}},"32":{"start":{"line":82,"column":6},"end":{"line":82,"column":63}},"33":{"start":{"line":85,"column":26},"end":{"line":85,"column":93}},"34":{"start":{"line":87,"column":4},"end":{"line":89,"column":5}},"35":{"start":{"line":88,"column":6},"end":{"line":88,"column":78}},"36":{"start":{"line":91,"column":20},"end":{"line":91,"column":63}},"37":{"start":{"line":93,"column":4},"end":{"line":96,"column":6}},"38":{"start":{"line":98,"column":4},"end":{"line":98,"column":66}},"39":{"start":{"line":101,"column":4},"end":{"line":101,"column":51}},"40":{"start":{"line":102,"column":4},"end":{"line":102,"column":68}},"41":{"start":{"line":109,"column":0},"end":{"line":157,"column":2}},"42":{"start":{"line":110,"column":2},"end":{"line":156,"column":3}},"43":{"start":{"line":111,"column":35},"end":{"line":111,"column":43}},"44":{"start":{"line":113,"column":4},"end":{"line":115,"column":5}},"45":{"start":{"line":114,"column":6},"end":{"line":114,"column":83}},"46":{"start":{"line":117,"column":19},"end":{"line":124,"column":5}},"47":{"start":{"line":126,"column":4},"end":{"line":128,"column":5}},"48":{"start":{"line":127,"column":6},"end":{"line":127,"column":77}},"49":{"start":{"line":130,"column":17},"end":{"line":130,"column":31}},"50":{"start":{"line":133,"column":26},"end":{"line":133,"column":76}},"51":{"start":{"line":135,"column":4},"end":{"line":137,"column":5}},"52":{"start":{"line":136,"column":6},"end":{"line":136,"column":77}},"53":{"start":{"line":139,"column":18},"end":{"line":141,"column":6}},"54":{"start":{"line":143,"column":4},"end":{"line":151,"column":7}},"55":{"start":{"line":154,"column":4},"end":{"line":154,"column":42}},"56":{"start":{"line":155,"column":4},"end":{"line":155,"column":68}}},"fnMap":{"0":{"name":"(anonymous_0)","decl":{"start":{"line":10,"column":17},"end":{"line":10,"column":18}},"loc":{"start":{"line":10,"column":37},"end":{"line":54,"column":1}},"line":10},"1":{"name":"(anonymous_1)","decl":{"start":{"line":59,"column":25},"end":{"line":59,"column":26}},"loc":{"start":{"line":59,"column":45},"end":{"line":104,"column":1}},"line":59},"2":{"name":"(anonymous_2)","decl":{"start":{"line":109,"column":16},"end":{"line":109,"column":17}},"loc":{"start":{"line":109,"column":36},"end":{"line":157,"column":1}},"line":109}},"branchMap":{"0":{"loc":{"start":{"line":14,"column":4},"end":{"line":16,"column":5}},"type":"if","locations":[{"start":{"line":14,"column":4},"end":{"line":16,"column":5}},{"start":{},"end":{}}],"line":14},"1":{"loc":{"start":{"line":14,"column":8},"end":{"line":14,"column":30}},"type":"binary-expr","locations":[{"start":{"line":14,"column":8},"end":{"line":14,"column":17}},{"start":{"line":14,"column":21},"end":{"line":14,"column":30}}],"line":14},"2":{"loc":{"start":{"line":18,"column":4},"end":{"line":20,"column":5}},"type":"if","locations":[{"start":{"line":18,"column":4},"end":{"line":20,"column":5}},{"start":{},"end":{}}],"line":18},"3":{"loc":{"start":{"line":47,"column":4},"end":{"line":49,"column":5}},"type":"if","locations":[{"start":{"line":47,"column":4},"end":{"line":49,"column":5}},{"start":{},"end":{}}],"line":47},"4":{"loc":{"start":{"line":64,"column":4},"end":{"line":66,"column":5}},"type":"if","locations":[{"start":{"line":64,"column":4},"end":{"line":66,"column":5}},{"start":{},"end":{}}],"line":64},"5":{"loc":{"start":{"line":64,"column":8},"end":{"line":64,"column":40}},"type":"binary-expr","locations":[{"start":{"line":64,"column":8},"end":{"line":64,"column":24}},{"start":{"line":64,"column":28},"end":{"line":64,"column":40}}],"line":64},"6":{"loc":{"start":{"line":68,"column":4},"end":{"line":70,"column":5}},"type":"if","locations":[{"start":{"line":68,"column":4},"end":{"line":70,"column":5}},{"start":{},"end":{}}],"line":68},"7":{"loc":{"start":{"line":72,"column":4},"end":{"line":74,"column":5}},"type":"if","locations":[{"start":{"line":72,"column":4},"end":{"line":74,"column":5}},{"start":{},"end":{}}],"line":72},"8":{"loc":{"start":{"line":81,"column":4},"end":{"line":83,"column":5}},"type":"if","locations":[{"start":{"line":81,"column":4},"end":{"line":83,"column":5}},{"start":{},"end":{}}],"line":81},"9":{"loc":{"start":{"line":87,"column":4},"end":{"line":89,"column":5}},"type":"if","locations":[{"start":{"line":87,"column":4},"end":{"line":89,"column":5}},{"start":{},"end":{}}],"line":87},"10":{"loc":{"start":{"line":113,"column":4},"end":{"line":115,"column":5}},"type":"if","locations":[{"start":{"line":113,"column":4},"end":{"line":115,"column":5}},{"start":{},"end":{}}],"line":113},"11":{"loc":{"start":{"line":113,"column":8},"end":{"line":113,"column":30}},"type":"binary-expr","locations":[{"start":{"line":113,"column":8},"end":{"line":113,"column":17}},{"start":{"line":113,"column":21},"end":{"line":113,"column":30}}],"line":113},"12":{"loc":{"start":{"line":126,"column":4},"end":{"line":128,"column":5}},"type":"if","locations":[{"start":{"line":126,"column":4},"end":{"line":128,"column":5}},{"start":{},"end":{}}],"line":126},"13":{"loc":{"start":{"line":135,"column":4},"end":{"line":137,"column":5}},"type":"if","locations":[{"start":{"line":135,"column":4},"end":{"line":137,"column":5}},{"start":{},"end":{}}],"line":135}},"s":{"0":1,"1":1,"2":1,"3":1,"4":1,"5":7,"6":7,"7":7,"8":2,"9":5,"10":1,"11":4,"12":4,"13":2,"14":2,"15":2,"16":2,"17":1,"18":1,"19":1,"20":1,"21":8,"22":8,"23":8,"24":8,"25":1,"26":7,"27":1,"28":6,"29":1,"30":5,"31":4,"32":1,"33":3,"34":3,"35":1,"36":2,"37":2,"38":2,"39":1,"40":1,"41":1,"42":7,"43":7,"44":7,"45":1,"46":6,"47":5,"48":2,"49":3,"50":3,"51":3,"52":2,"53":1,"54":1,"55":1,"56":1},"f":{"0":7,"1":8,"2":7},"b":{"0":[2,5],"1":[7,6],"2":[1,4],"3":[1,1],"4":[1,7],"5":[8,8],"6":[1,6],"7":[1,5],"8":[1,3],"9":[1,2],"10":[1,6],"11":[7,6],"12":[2,3],"13":[2,1]},"_coverageSchema":"1a1c01bbd47fc00a2c39e90264f33305004495a9","hash":"8594ff9fa843693d8cd29965483b80b7835387b7"}
,"/Users/jeffkeenan/Development/GitHub/OurSay/backend/src/middleware/auth.middleware.js": {"path":"/Users/jeffkeenan/Development/GitHub/OurSay/backend/src/middleware/auth.middleware.js","statementMap":{"0":{"start":{"line":1,"column":24},"end":{"line":1,"column":58}},"1":{"start":{"line":3,"column":0},"end":{"line":19,"column":2}},"2":{"start":{"line":4,"column":21},"end":{"line":4,"column":46}},"3":{"start":{"line":6,"column":2},"end":{"line":8,"column":3}},"4":{"start":{"line":7,"column":4},"end":{"line":7,"column":70}},"5":{"start":{"line":10,"column":16},"end":{"line":10,"column":40}},"6":{"start":{"line":12,"column":2},"end":{"line":18,"column":3}},"7":{"start":{"line":13,"column":20},"end":{"line":13,"column":38}},"8":{"start":{"line":14,"column":4},"end":{"line":14,"column":38}},"9":{"start":{"line":15,"column":4},"end":{"line":15,"column":11}},"10":{"start":{"line":17,"column":4},"end":{"line":17,"column":71}}},"fnMap":{"0":{"name":"requireAuth","decl":{"start":{"line":3,"column":26},"end":{"line":3,"column":37}},"loc":{"start":{"line":3,"column":54},"end":{"line":19,"column":1}},"line":3}},"branchMap":{"0":{"loc":{"start":{"line":6,"column":2},"end":{"line":8,"column":3}},"type":"if","locations":[{"start":{"line":6,"column":2},"end":{"line":8,"column":3}},{"start":{},"end":{}}],"line":6},"1":{"loc":{"start":{"line":6,"column":6},"end":{"line":6,"column":54}},"type":"binary-expr","locations":[{"start":{"line":6,"column":6},"end":{"line":6,"column":17}},{"start":{"line":6,"column":21},"end":{"line":6,"column":54}}],"line":6}},"s":{"0":1,"1":1,"2":11,"3":11,"4":3,"5":8,"6":8,"7":8,"8":2,"9":2,"10":6},"f":{"0":11},"b":{"0":[3,8],"1":[11,10]},"_coverageSchema":"1a1c01bbd47fc00a2c39e90264f33305004495a9","hash":"dbf64118b5f5131b40ee636cb15e76fef88d896b"}
,"/Users/jeffkeenan/Development/GitHub/OurSay/backend/src/middleware/tier.middleware.js": {"path":"/Users/jeffkeenan/Development/GitHub/OurSay/backend/src/middleware/tier.middleware.js","statementMap":{"0":{"start":{"line":1,"column":13},"end":{"line":1,"column":34}},"1":{"start":{"line":3,"column":0},"end":{"line":37,"column":2}},"2":{"start":{"line":4,"column":2},"end":{"line":36,"column":4}},"3":{"start":{"line":5,"column":4},"end":{"line":35,"column":5}},"4":{"start":{"line":6,"column":6},"end":{"line":8,"column":7}},"5":{"start":{"line":7,"column":8},"end":{"line":7,"column":74}},"6":{"start":{"line":10,"column":21},"end":{"line":10,"column":32}},"7":{"start":{"line":12,"column":21},"end":{"line":18,"column":18}},"8":{"start":{"line":20,"column":19},"end":{"line":20,"column":46}},"9":{"start":{"line":22,"column":6},"end":{"line":28,"column":7}},"10":{"start":{"line":23,"column":8},"end":{"line":27,"column":11}},"11":{"start":{"line":30,"column":6},"end":{"line":30,"column":13}},"12":{"start":{"line":33,"column":6},"end":{"line":33,"column":51}},"13":{"start":{"line":34,"column":6},"end":{"line":34,"column":71}}},"fnMap":{"0":{"name":"requireTier","decl":{"start":{"line":3,"column":26},"end":{"line":3,"column":37}},"loc":{"start":{"line":3,"column":47},"end":{"line":37,"column":1}},"line":3},"1":{"name":"(anonymous_1)","decl":{"start":{"line":4,"column":9},"end":{"line":4,"column":10}},"loc":{"start":{"line":4,"column":41},"end":{"line":36,"column":3}},"line":4}},"branchMap":{"0":{"loc":{"start":{"line":6,"column":6},"end":{"line":8,"column":7}},"type":"if","locations":[{"start":{"line":6,"column":6},"end":{"line":8,"column":7}},{"start":{},"end":{}}],"line":6},"1":{"loc":{"start":{"line":22,"column":6},"end":{"line":28,"column":7}},"type":"if","locations":[{"start":{"line":22,"column":6},"end":{"line":28,"column":7}},{"start":{},"end":{}}],"line":22}},"s":{"0":1,"1":1,"2":13,"3":13,"4":13,"5":2,"6":11,"7":11,"8":9,"9":9,"10":4,"11":5,"12":2,"13":2},"f":{"0":13,"1":13},"b":{"0":[2,11],"1":[4,5]},"_coverageSchema":"1a1c01bbd47fc00a2c39e90264f33305004495a9","hash":"efe1956a6a5fa22355015078881b20d8fe177a58"}
,"/Users/jeffkeenan/Development/GitHub/OurSay/backend/src/services/actionToken.service.js": {"path":"/Users/jeffkeenan/Development/GitHub/OurSay/backend/src/services/actionToken.service.js","statementMap":{"0":{"start":{"line":1,"column":15},"end":{"line":1,"column":32}},"1":{"start":{"line":4,"column":2},"end":{"line":4,"column":48}},"2":{"start":{"line":7,"column":0},"end":{"line":9,"column":2}}},"fnMap":{"0":{"name":"generateActionToken","decl":{"start":{"line":3,"column":9},"end":{"line":3,"column":28}},"loc":{"start":{"line":3,"column":31},"end":{"line":5,"column":1}},"line":3}},"branchMap":{},"s":{"0":3,"1":1005,"2":3},"f":{"0":1005},"b":{},"_coverageSchema":"1a1c01bbd47fc00a2c39e90264f33305004495a9","hash":"bc005e9d2b03b8d35787d3eb11e50159cafa55a4"}
,"/Users/jeffkeenan/Development/GitHub/OurSay/backend/src/services/jwt.service.js": {"path":"/Users/jeffkeenan/Development/GitHub/OurSay/backend/src/services/jwt.service.js","statementMap":{"0":{"start":{"line":1,"column":12},"end":{"line":1,"column":35}},"1":{"start":{"line":2,"column":30},"end":{"line":2,"column":61}},"2":{"start":{"line":5,"column":2},"end":{"line":5,"column":50}},"3":{"start":{"line":9,"column":2},"end":{"line":9,"column":35}},"4":{"start":{"line":12,"column":0},"end":{"line":15,"column":2}}},"fnMap":{"0":{"name":"generateToken","decl":{"start":{"line":4,"column":9},"end":{"line":4,"column":22}},"loc":{"start":{"line":4,"column":32},"end":{"line":6,"column":1}},"line":4},"1":{"name":"verifyToken","decl":{"start":{"line":8,"column":9},"end":{"line":8,"column":20}},"loc":{"start":{"line":8,"column":28},"end":{"line":10,"column":1}},"line":8}},"branchMap":{},"s":{"0":3,"1":3,"2":13,"3":16,"4":3},"f":{"0":13,"1":16},"b":{},"_coverageSchema":"1a1c01bbd47fc00a2c39e90264f33305004495a9","hash":"b5ae86e728f690013a0e8c98542e87799d28d001"}
,"/Users/jeffkeenan/Development/GitHub/OurSay/backend/src/services/petition.service.js": {"path":"/Users/jeffkeenan/Development/GitHub/OurSay/backend/src/services/petition.service.js","statementMap":{"0":{"start":{"line":1,"column":13},"end":{"line":1,"column":34}},"1":{"start":{"line":2,"column":28},"end":{"line":2,"column":61}},"2":{"start":{"line":3,"column":32},"end":{"line":3,"column":64}},"3":{"start":{"line":5,"column":0},"end":{"line":94,"column":2}},"4":{"start":{"line":6,"column":17},"end":{"line":6,"column":37}},"5":{"start":{"line":8,"column":2},"end":{"line":93,"column":3}},"6":{"start":{"line":9,"column":4},"end":{"line":9,"column":32}},"7":{"start":{"line":13,"column":6},"end":{"line":13,"column":57}},"8":{"start":{"line":15,"column":27},"end":{"line":20,"column":5}},"9":{"start":{"line":22,"column":4},"end":{"line":24,"column":5}},"10":{"start":{"line":23,"column":6},"end":{"line":23,"column":44}},"11":{"start":{"line":26,"column":43},"end":{"line":26,"column":65}},"12":{"start":{"line":29,"column":4},"end":{"line":31,"column":5}},"13":{"start":{"line":30,"column":6},"end":{"line":30,"column":57}},"14":{"start":{"line":34,"column":4},"end":{"line":36,"column":5}},"15":{"start":{"line":35,"column":6},"end":{"line":35,"column":63}},"16":{"start":{"line":39,"column":4},"end":{"line":43,"column":6}},"17":{"start":{"line":46,"column":18},"end":{"line":46,"column":39}},"18":{"start":{"line":48,"column":4},"end":{"line":53,"column":6}},"19":{"start":{"line":56,"column":4},"end":{"line":60,"column":6}},"20":{"start":{"line":62,"column":4},"end":{"line":67,"column":6}},"21":{"start":{"line":70,"column":4},"end":{"line":75,"column":6}},"22":{"start":{"line":77,"column":4},"end":{"line":77,"column":33}},"23":{"start":{"line":79,"column":4},"end":{"line":79,"column":29}},"24":{"start":{"line":82,"column":4},"end":{"line":82,"column":35}},"25":{"start":{"line":84,"column":4},"end":{"line":88,"column":5}},"26":{"start":{"line":85,"column":28},"end":{"line":85,"column":87}},"27":{"start":{"line":86,"column":6},"end":{"line":86,"column":33}},"28":{"start":{"line":87,"column":6},"end":{"line":87,"column":26}},"29":{"start":{"line":89,"column":4},"end":{"line":89,"column":14}},"30":{"start":{"line":92,"column":4},"end":{"line":92,"column":21}}},"fnMap":{"0":{"name":"(anonymous_0)","decl":{"start":{"line":5,"column":23},"end":{"line":5,"column":24}},"loc":{"start":{"line":5,"column":57},"end":{"line":94,"column":1}},"line":5}},"branchMap":{"0":{"loc":{"start":{"line":22,"column":4},"end":{"line":24,"column":5}},"type":"if","locations":[{"start":{"line":22,"column":4},"end":{"line":24,"column":5}},{"start":{},"end":{}}],"line":22},"1":{"loc":{"start":{"line":29,"column":4},"end":{"line":31,"column":5}},"type":"if","locations":[{"start":{"line":29,"column":4},"end":{"line":31,"column":5}},{"start":{},"end":{}}],"line":29},"2":{"loc":{"start":{"line":34,"column":4},"end":{"line":36,"column":5}},"type":"if","locations":[{"start":{"line":34,"column":4},"end":{"line":36,"column":5}},{"start":{},"end":{}}],"line":34},"3":{"loc":{"start":{"line":34,"column":8},"end":{"line":34,"column":56}},"type":"binary-expr","locations":[{"start":{"line":34,"column":8},"end":{"line":34,"column":39}},{"start":{"line":34,"column":43},"end":{"line":34,"column":56}}],"line":34},"4":{"loc":{"start":{"line":84,"column":4},"end":{"line":88,"column":5}},"type":"if","locations":[{"start":{"line":84,"column":4},"end":{"line":88,"column":5}},{"start":{},"end":{}}],"line":84}},"s":{"0":1,"1":1,"2":1,"3":1,"4":16,"5":16,"6":16,"7":16,"8":15,"9":14,"10":2,"11":12,"12":12,"13":3,"14":9,"15":1,"16":8,"17":5,"18":5,"19":5,"20":5,"21":5,"22":5,"23":5,"24":11,"25":11,"26":2,"27":2,"28":2,"29":9,"30":16},"f":{"0":16},"b":{"0":[2,12],"1":[3,9],"2":[1,8],"3":[9,9],"4":[2,9]},"_coverageSchema":"1a1c01bbd47fc00a2c39e90264f33305004495a9","hash":"cc949e0e058e9dc5dfea10e35db512102c4a3fdc"}
,"/Users/jeffkeenan/Development/GitHub/OurSay/backend/src/services/poll.service.js": {"path":"/Users/jeffkeenan/Development/GitHub/OurSay/backend/src/services/poll.service.js","statementMap":{"0":{"start":{"line":1,"column":13},"end":{"line":1,"column":34}},"1":{"start":{"line":2,"column":28},"end":{"line":2,"column":61}},"2":{"start":{"line":3,"column":32},"end":{"line":3,"column":64}},"3":{"start":{"line":5,"column":0},"end":{"line":103,"column":2}},"4":{"start":{"line":6,"column":17},"end":{"line":6,"column":37}},"5":{"start":{"line":8,"column":2},"end":{"line":102,"column":3}},"6":{"start":{"line":9,"column":4},"end":{"line":9,"column":32}},"7":{"start":{"line":11,"column":4},"end":{"line":13,"column":5}},"8":{"start":{"line":12,"column":6},"end":{"line":12,"column":40}},"9":{"start":{"line":16,"column":44},"end":{"line":16,"column":95}},"10":{"start":{"line":18,"column":23},"end":{"line":28,"column":5}},"11":{"start":{"line":30,"column":4},"end":{"line":32,"column":5}},"12":{"start":{"line":31,"column":6},"end":{"line":31,"column":40}},"13":{"start":{"line":34,"column":43},"end":{"line":34,"column":61}},"14":{"start":{"line":37,"column":4},"end":{"line":39,"column":5}},"15":{"start":{"line":38,"column":6},"end":{"line":38,"column":57}},"16":{"start":{"line":42,"column":4},"end":{"line":44,"column":5}},"17":{"start":{"line":43,"column":6},"end":{"line":43,"column":63}},"18":{"start":{"line":47,"column":4},"end":{"line":51,"column":6}},"19":{"start":{"line":54,"column":18},"end":{"line":54,"column":39}},"20":{"start":{"line":56,"column":4},"end":{"line":61,"column":6}},"21":{"start":{"line":64,"column":4},"end":{"line":68,"column":6}},"22":{"start":{"line":70,"column":4},"end":{"line":75,"column":6}},"23":{"start":{"line":78,"column":4},"end":{"line":83,"column":6}},"24":{"start":{"line":85,"column":4},"end":{"line":85,"column":33}},"25":{"start":{"line":87,"column":4},"end":{"line":87,"column":29}},"26":{"start":{"line":90,"column":4},"end":{"line":90,"column":35}},"27":{"start":{"line":92,"column":4},"end":{"line":96,"column":5}},"28":{"start":{"line":93,"column":28},"end":{"line":93,"column":85}},"29":{"start":{"line":94,"column":6},"end":{"line":94,"column":33}},"30":{"start":{"line":95,"column":6},"end":{"line":95,"column":26}},"31":{"start":{"line":98,"column":4},"end":{"line":98,"column":14}},"32":{"start":{"line":101,"column":4},"end":{"line":101,"column":21}}},"fnMap":{"0":{"name":"(anonymous_0)","decl":{"start":{"line":5,"column":19},"end":{"line":5,"column":20}},"loc":{"start":{"line":5,"column":57},"end":{"line":103,"column":1}},"line":5}},"branchMap":{"0":{"loc":{"start":{"line":11,"column":4},"end":{"line":13,"column":5}},"type":"if","locations":[{"start":{"line":11,"column":4},"end":{"line":13,"column":5}},{"start":{},"end":{}}],"line":11},"1":{"loc":{"start":{"line":30,"column":4},"end":{"line":32,"column":5}},"type":"if","locations":[{"start":{"line":30,"column":4},"end":{"line":32,"column":5}},{"start":{},"end":{}}],"line":30},"2":{"loc":{"start":{"line":37,"column":4},"end":{"line":39,"column":5}},"type":"if","locations":[{"start":{"line":37,"column":4},"end":{"line":39,"column":5}},{"start":{},"end":{}}],"line":37},"3":{"loc":{"start":{"line":42,"column":4},"end":{"line":44,"column":5}},"type":"if","locations":[{"start":{"line":42,"column":4},"end":{"line":44,"column":5}},{"start":{},"end":{}}],"line":42},"4":{"loc":{"start":{"line":42,"column":8},"end":{"line":42,"column":56}},"type":"binary-expr","locations":[{"start":{"line":42,"column":8},"end":{"line":42,"column":39}},{"start":{"line":42,"column":43},"end":{"line":42,"column":56}}],"line":42},"5":{"loc":{"start":{"line":92,"column":4},"end":{"line":96,"column":5}},"type":"if","locations":[{"start":{"line":92,"column":4},"end":{"line":96,"column":5}},{"start":{},"end":{}}],"line":92}},"s":{"0":1,"1":1,"2":1,"3":1,"4":19,"5":19,"6":19,"7":19,"8":8,"9":11,"10":10,"11":10,"12":1,"13":9,"14":9,"15":1,"16":8,"17":1,"18":7,"19":4,"20":4,"21":4,"22":4,"23":4,"24":4,"25":4,"26":15,"27":15,"28":2,"29":2,"30":2,"31":13,"32":19},"f":{"0":19},"b":{"0":[8,11],"1":[1,9],"2":[1,8],"3":[1,7],"4":[8,8],"5":[2,13]},"_coverageSchema":"1a1c01bbd47fc00a2c39e90264f33305004495a9","hash":"7882e59c89e04b74eccb863b9a85917a89db84d7"}
,"/Users/jeffkeenan/Development/GitHub/OurSay/backend/src/services/verification.service.js": {"path":"/Users/jeffkeenan/Development/GitHub/OurSay/backend/src/services/verification.service.js","statementMap":{"0":{"start":{"line":1,"column":13},"end":{"line":1,"column":34}},"1":{"start":{"line":3,"column":0},"end":{"line":34,"column":2}},"2":{"start":{"line":4,"column":17},"end":{"line":11,"column":3}},"3":{"start":{"line":13,"column":2},"end":{"line":15,"column":3}},"4":{"start":{"line":14,"column":4},"end":{"line":14,"column":52}},"5":{"start":{"line":17,"column":22},"end":{"line":17,"column":23}},"6":{"start":{"line":18,"column":21},"end":{"line":18,"column":25}},"7":{"start":{"line":20,"column":2},"end":{"line":28,"column":3}},"8":{"start":{"line":22,"column":4},"end":{"line":22,"column":55}},"9":{"start":{"line":25,"column":4},"end":{"line":27,"column":5}},"10":{"start":{"line":26,"column":6},"end":{"line":26,"column":39}},"11":{"start":{"line":30,"column":2},"end":{"line":33,"column":4}}},"fnMap":{"0":{"name":"(anonymous_0)","decl":{"start":{"line":3,"column":28},"end":{"line":3,"column":29}},"loc":{"start":{"line":3,"column":46},"end":{"line":34,"column":1}},"line":3}},"branchMap":{"0":{"loc":{"start":{"line":13,"column":2},"end":{"line":15,"column":3}},"type":"if","locations":[{"start":{"line":13,"column":2},"end":{"line":15,"column":3}},{"start":{},"end":{}}],"line":13},"1":{"loc":{"start":{"line":25,"column":4},"end":{"line":27,"column":5}},"type":"if","locations":[{"start":{"line":25,"column":4},"end":{"line":27,"column":5}},{"start":{},"end":{}}],"line":25}},"s":{"0":3,"1":3,"2":12,"3":11,"4":5,"5":6,"6":6,"7":6,"8":9,"9":9,"10":5,"11":6},"f":{"0":12},"b":{"0":[5,6],"1":[5,4]},"_coverageSchema":"1a1c01bbd47fc00a2c39e90264f33305004495a9","hash":"5ca3fbeecdbd1048c853f14425fa3c19445df453"}
}
