TN:
SF:src/controllers/analytics.controller.js
FN:3,(anonymous_0)
FN:32,(anonymous_1)
FN:48,(anonymous_2)
FN:70,(anonymous_3)
FN:90,(anonymous_4)
FN:99,(anonymous_5)
FN:125,(anonymous_6)
FN:149,(anonymous_7)
FNF:8
FNH:8
FNDA:2,(anonymous_0)
FNDA:3,(anonymous_1)
FNDA:2,(anonymous_2)
FNDA:3,(anonymous_3)
FNDA:1,(anonymous_4)
FNDA:2,(anonymous_5)
FNDA:2,(anonymous_6)
FNDA:4,(anonymous_7)
DA:1,1
DA:3,1
DA:4,2
DA:5,2
DA:24,1
DA:27,1
DA:28,1
DA:32,1
DA:33,3
DA:34,3
DA:36,3
DA:45,2
DA:46,2
DA:48,2
DA:49,2
DA:50,2
DA:53,2
DA:55,2
DA:65,1
DA:66,1
DA:70,1
DA:71,3
DA:72,3
DA:75,3
DA:82,2
DA:86,2
DA:89,2
DA:91,1
DA:98,1
DA:99,1
DA:100,2
DA:101,2
DA:103,1
DA:105,1
DA:117,2
DA:120,1
DA:121,1
DA:125,1
DA:126,2
DA:127,2
DA:141,1
DA:144,1
DA:145,1
DA:149,1
DA:150,4
DA:151,4
DA:154,4
DA:160,3
DA:163,3
DA:169,3
DA:171,3
DA:175,3
DA:184,1
DA:185,1
LF:54
LH:54
BRDA:49,0,0,1
BRDA:49,0,1,1
BRDA:50,1,0,1
BRDA:50,1,1,1
BRDA:59,2,0,1
BRDA:59,2,1,1
BRDA:60,3,0,1
BRDA:60,3,1,1
BRDA:86,4,0,2
BRDA:86,4,1,0
BRDA:100,5,0,1
BRDA:100,5,1,1
BRDA:101,6,0,1
BRDA:101,6,1,1
BRDA:110,7,0,1
BRDA:110,7,1,0
BRDA:111,8,0,1
BRDA:111,8,1,0
BRDA:169,9,0,3
BRDA:169,9,1,1
BRDA:171,10,0,2
BRDA:171,10,1,1
BRF:22
BRH:19
end_of_record
TN:
SF:src/controllers/auth.controller.js
FN:10,(anonymous_0)
FN:59,(anonymous_1)
FN:109,(anonymous_2)
FNF:3
FNH:3
FNDA:7,(anonymous_0)
FNDA:8,(anonymous_1)
FNDA:7,(anonymous_2)
DA:1,1
DA:2,1
DA:3,1
DA:5,1
DA:10,1
DA:11,7
DA:12,7
DA:14,7
DA:15,2
DA:18,5
DA:19,1
DA:23,4
DA:25,4
DA:34,2
DA:36,2
DA:40,2
DA:47,2
DA:48,1
DA:51,1
DA:52,1
DA:59,1
DA:60,8
DA:61,8
DA:62,8
DA:64,8
DA:65,1
DA:68,7
DA:69,1
DA:72,6
DA:73,1
DA:76,5
DA:81,4
DA:82,1
DA:85,3
DA:87,3
DA:88,1
DA:91,2
DA:93,2
DA:98,2
DA:101,1
DA:102,1
DA:109,1
DA:110,7
DA:111,7
DA:113,7
DA:114,1
DA:117,6
DA:126,5
DA:127,2
DA:130,3
DA:133,3
DA:135,3
DA:136,2
DA:139,1
DA:143,1
DA:154,1
DA:155,1
LF:57
LH:57
BRDA:14,0,0,2
BRDA:14,0,1,5
BRDA:14,1,0,7
BRDA:14,1,1,6
BRDA:18,2,0,1
BRDA:18,2,1,4
BRDA:47,3,0,1
BRDA:47,3,1,1
BRDA:64,4,0,1
BRDA:64,4,1,7
BRDA:64,5,0,8
BRDA:64,5,1,8
BRDA:68,6,0,1
BRDA:68,6,1,6
BRDA:72,7,0,1
BRDA:72,7,1,5
BRDA:81,8,0,1
BRDA:81,8,1,3
BRDA:87,9,0,1
BRDA:87,9,1,2
BRDA:113,10,0,1
BRDA:113,10,1,6
BRDA:113,11,0,7
BRDA:113,11,1,6
BRDA:126,12,0,2
BRDA:126,12,1,3
BRDA:135,13,0,2
BRDA:135,13,1,1
BRF:28
BRH:28
end_of_record
TN:
SF:src/controllers/discussion.controller.js
FN:4,(anonymous_0)
FN:34,(anonymous_1)
FN:81,(anonymous_2)
FN:138,(anonymous_3)
FN:181,(anonymous_4)
FN:218,(anonymous_5)
FN:253,(anonymous_6)
FNF:7
FNH:7
FNDA:3,(anonymous_0)
FNDA:2,(anonymous_1)
FNDA:3,(anonymous_2)
FNDA:2,(anonymous_3)
FNDA:5,(anonymous_4)
FNDA:5,(anonymous_5)
FNDA:5,(anonymous_6)
DA:1,1
DA:4,1
DA:6,3
DA:7,3
DA:24,2
DA:26,1
DA:27,1
DA:34,1
DA:35,2
DA:37,2
DA:38,2
DA:71,1
DA:73,1
DA:74,1
DA:81,1
DA:82,3
DA:84,3
DA:85,3
DA:105,2
DA:106,1
DA:109,1
DA:125,1
DA:130,1
DA:131,1
DA:138,1
DA:139,2
DA:140,2
DA:171,1
DA:173,1
DA:174,1
DA:181,1
DA:182,5
DA:183,5
DA:184,5
DA:186,5
DA:187,2
DA:190,3
DA:192,3
DA:197,2
DA:199,2
DA:208,2
DA:210,1
DA:211,1
DA:218,1
DA:219,5
DA:220,5
DA:222,5
DA:224,5
DA:225,2
DA:228,3
DA:229,1
DA:232,2
DA:233,2
DA:242,1
DA:245,1
DA:246,1
DA:253,1
DA:254,5
DA:255,5
DA:256,5
DA:258,5
DA:259,1
DA:262,4
DA:264,4
DA:265,4
DA:275,3
DA:286,3
DA:292,1
DA:293,1
LF:69
LH:69
BRDA:24,0,0,2
BRDA:24,0,1,1
BRDA:105,1,0,1
BRDA:105,1,1,1
BRDA:186,2,0,2
BRDA:186,2,1,3
BRDA:186,3,0,5
BRDA:186,3,1,4
BRDA:197,4,0,2
BRDA:197,4,1,0
BRDA:224,5,0,2
BRDA:224,5,1,3
BRDA:224,6,0,5
BRDA:224,6,1,4
BRDA:228,7,0,1
BRDA:228,7,1,2
BRDA:258,8,0,1
BRDA:258,8,1,4
BRDA:262,9,0,3
BRDA:262,9,1,1
BRF:20
BRH:19
end_of_record
TN:
SF:src/controllers/petition.controller.js
FN:9,(anonymous_0)
FN:48,(anonymous_1)
FN:86,(anonymous_2)
FN:132,(anonymous_3)
FN:203,(anonymous_4)
FN:262,(anonymous_5)
FNF:6
FNH:6
FNDA:2,(anonymous_0)
FNDA:3,(anonymous_1)
FNDA:3,(anonymous_2)
FNDA:7,(anonymous_3)
FNDA:3,(anonymous_4)
FNDA:4,(anonymous_5)
DA:1,1
DA:2,1
DA:3,1
DA:9,1
DA:10,2
DA:11,2
DA:12,2
DA:36,1
DA:39,1
DA:40,1
DA:48,1
DA:49,3
DA:50,3
DA:51,3
DA:77,2
DA:79,1
DA:80,1
DA:86,1
DA:87,3
DA:88,3
DA:90,3
DA:91,1
DA:94,2
DA:95,2
DA:121,1
DA:123,1
DA:124,1
DA:132,1
DA:133,7
DA:139,7
DA:142,7
DA:143,2
DA:148,5
DA:149,1
DA:154,4
DA:159,2
DA:165,2
DA:167,2
DA:188,1
DA:192,1
DA:193,1
DA:203,1
DA:204,3
DA:205,3
DA:207,3
DA:208,3
DA:247,2
DA:248,1
DA:251,1
DA:254,1
DA:255,1
DA:262,1
DA:263,4
DA:264,4
DA:266,4
DA:267,1
DA:270,3
DA:271,3
DA:276,1
DA:279,2
LF:60
LH:60
BRDA:77,0,0,2
BRDA:77,0,1,1
BRDA:90,1,0,1
BRDA:90,1,1,2
BRDA:90,2,0,3
BRDA:90,2,1,2
BRDA:142,3,0,2
BRDA:142,3,1,5
BRDA:142,4,0,7
BRDA:142,4,1,6
BRDA:148,5,0,1
BRDA:148,5,1,4
BRDA:154,6,0,2
BRDA:154,6,1,2
BRDA:155,7,0,4
BRDA:155,7,1,3
BRDA:155,7,2,3
BRDA:247,8,0,1
BRDA:247,8,1,1
BRDA:266,9,0,1
BRDA:266,9,1,3
BRDA:266,10,0,4
BRDA:266,10,1,3
BRDA:279,11,0,2
BRDA:279,11,1,1
BRF:25
BRH:25
end_of_record
TN:
SF:src/controllers/poll.controller.js
FN:7,(anonymous_0)
FN:61,(anonymous_1)
FN:115,(anonymous_2)
FN:166,(anonymous_3)
FN:230,(anonymous_4)
FNF:5
FNH:5
FNDA:3,(anonymous_0)
FNDA:2,(anonymous_1)
FNDA:3,(anonymous_2)
FNDA:4,(anonymous_3)
FNDA:5,(anonymous_4)
DA:2,1
DA:3,1
DA:4,1
DA:5,1
DA:7,1
DA:8,3
DA:10,3
DA:11,3
DA:53,2
DA:56,1
DA:57,1
DA:61,1
DA:62,2
DA:64,2
DA:65,2
DA:106,1
DA:109,1
DA:110,1
DA:115,1
DA:116,3
DA:117,3
DA:119,3
DA:120,1
DA:123,2
DA:124,2
DA:157,1
DA:160,1
DA:161,1
DA:166,1
DA:167,4
DA:168,4
DA:170,4
DA:173,4
DA:176,3
DA:185,3
DA:186,1
DA:189,2
DA:192,2
DA:193,1
DA:199,1
DA:220,1
DA:223,1
DA:224,1
DA:230,1
DA:231,5
DA:232,5
DA:233,5
DA:235,5
DA:236,1
DA:239,4
DA:240,4
DA:246,2
DA:249,2
LF:53
LH:53
BRDA:53,0,0,2
BRDA:53,0,1,1
BRDA:119,1,0,1
BRDA:119,1,1,2
BRDA:119,2,0,3
BRDA:119,2,1,2
BRDA:185,3,0,1
BRDA:185,3,1,2
BRDA:192,4,0,1
BRDA:192,4,1,1
BRDA:235,5,0,1
BRDA:235,5,1,4
BRDA:249,6,0,2
BRDA:249,6,1,0
BRF:14
BRH:13
end_of_record
TN:
SF:src/controllers/topic.controller.js
FN:3,(anonymous_0)
FNF:1
FNH:1
FNDA:3,(anonymous_0)
DA:1,1
DA:3,1
DA:4,3
DA:5,3
DA:11,2
DA:13,1
DA:14,1
LF:7
LH:7
BRF:0
BRH:0
end_of_record
TN:
SF:src/controllers/verify.controller.js
FN:40,(anonymous_0)
FN:66,(anonymous_1)
FN:121,(anonymous_2)
FN:177,(anonymous_3)
FN:204,parseTextractDate
FN:264,(anonymous_5)
FN:363,(anonymous_6)
FNF:7
FNH:4
FNDA:2,(anonymous_0)
FNDA:6,(anonymous_1)
FNDA:0,(anonymous_2)
FNDA:0,(anonymous_3)
FNDA:0,parseTextractDate
FNDA:5,(anonymous_5)
FNDA:4,(anonymous_6)
DA:1,1
DA:2,1
DA:7,1
DA:11,1
DA:13,1
DA:17,1
DA:20,1
DA:23,1
DA:25,1
DA:33,1
DA:34,1
DA:40,1
DA:41,2
DA:42,2
DA:43,2
DA:44,0
DA:47,2
DA:48,0
DA:51,2
DA:52,2
DA:54,1
DA:57,1
DA:58,1
DA:66,1
DA:67,6
DA:68,6
DA:69,6
DA:71,6
DA:72,1
DA:75,5
DA:76,0
DA:81,0
DA:85,0
DA:88,5
DA:89,5
DA:91,4
DA:92,4
DA:94,4
DA:95,2
DA:101,2
DA:107,2
DA:112,2
DA:115,1
DA:116,1
DA:121,1
DA:122,0
DA:123,0
DA:124,0
DA:127,0
DA:128,0
DA:129,0
DA:132,0
DA:133,0
DA:134,0
DA:139,0
DA:143,0
DA:148,0
DA:149,0
DA:152,0
DA:154,0
DA:155,0
DA:158,0
DA:160,0
DA:161,0
DA:165,0
DA:166,0
DA:167,0
DA:168,0
DA:169,0
DA:170,0
DA:171,0
DA:176,0
DA:177,0
DA:184,0
DA:185,0
DA:186,0
DA:188,0
DA:189,0
DA:192,0
DA:193,0
DA:196,0
DA:197,0
DA:205,0
DA:208,0
DA:209,0
DA:210,0
DA:211,0
DA:215,0
DA:216,0
DA:217,0
DA:218,0
DA:221,0
DA:224,0
DA:225,0
DA:228,0
DA:230,0
DA:231,0
DA:234,0
DA:235,0
DA:238,0
DA:239,0
DA:241,0
DA:247,0
DA:252,0
DA:255,0
DA:256,0
DA:258,0
DA:259,0
DA:264,1
DA:265,5
DA:266,5
DA:267,5
DA:268,0
DA:271,5
DA:285,5
DA:286,1
DA:289,4
DA:291,4
DA:292,0
DA:302,0
DA:311,0
DA:315,4
DA:317,4
DA:318,4
DA:320,4
DA:321,1
DA:325,3
DA:329,3
DA:331,3
DA:333,3
DA:334,2
DA:344,2
DA:354,3
DA:357,0
DA:358,0
DA:363,1
DA:364,4
DA:365,4
DA:367,4
DA:380,3
DA:381,1
DA:384,2
DA:385,2
DA:388,1
DA:389,1
LF:145
LH:71
BRDA:26,0,0,1
BRDA:26,0,1,0
BRDA:43,1,0,0
BRDA:43,1,1,2
BRDA:47,2,0,0
BRDA:47,2,1,2
BRDA:71,3,0,1
BRDA:71,3,1,5
BRDA:75,4,0,0
BRDA:75,4,1,5
BRDA:91,5,0,4
BRDA:91,5,1,0
BRDA:94,6,0,2
BRDA:94,6,1,2
BRDA:123,7,0,0
BRDA:123,7,1,0
BRDA:128,8,0,0
BRDA:128,8,1,0
BRDA:132,9,0,0
BRDA:132,9,1,0
BRDA:160,10,0,0
BRDA:160,10,1,0
BRDA:166,11,0,0
BRDA:166,11,1,0
BRDA:169,12,0,0
BRDA:169,12,1,0
BRDA:170,13,0,0
BRDA:170,13,1,0
BRDA:170,14,0,0
BRDA:170,14,1,0
BRDA:170,14,2,0
BRDA:188,15,0,0
BRDA:188,15,1,0
BRDA:188,16,0,0
BRDA:188,16,1,0
BRDA:192,17,0,0
BRDA:192,17,1,0
BRDA:205,18,0,0
BRDA:205,18,1,0
BRDA:209,19,0,0
BRDA:209,19,1,0
BRDA:216,20,0,0
BRDA:216,20,1,0
BRDA:224,21,0,0
BRDA:224,21,1,0
BRDA:230,22,0,0
BRDA:230,22,1,0
BRDA:230,23,0,0
BRDA:230,23,1,0
BRDA:234,24,0,0
BRDA:234,24,1,0
BRDA:239,25,0,0
BRDA:239,25,1,0
BRDA:255,26,0,0
BRDA:255,26,1,0
BRDA:267,27,0,0
BRDA:267,27,1,5
BRDA:285,28,0,1
BRDA:285,28,1,4
BRDA:291,29,0,0
BRDA:291,29,1,4
BRDA:320,30,0,1
BRDA:320,30,1,3
BRDA:320,31,0,4
BRDA:320,31,1,3
BRDA:325,32,0,3
BRDA:325,32,1,3
BRDA:325,32,2,3
BRDA:325,32,3,3
BRDA:333,33,0,2
BRDA:333,33,1,1
BRDA:354,34,0,2
BRDA:354,34,1,1
BRDA:380,35,0,1
BRDA:380,35,1,2
BRF:75
BRH:27
end_of_record
TN:
SF:src/middleware/auth.middleware.js
FN:3,requireAuth
FNF:1
FNH:1
FNDA:11,requireAuth
DA:1,1
DA:3,1
DA:4,11
DA:6,11
DA:7,3
DA:10,8
DA:12,8
DA:13,8
DA:14,2
DA:15,2
DA:17,6
LF:11
LH:11
BRDA:6,0,0,3
BRDA:6,0,1,8
BRDA:6,1,0,11
BRDA:6,1,1,10
BRF:4
BRH:4
end_of_record
TN:
SF:src/middleware/tier.middleware.js
FN:3,requireTier
FN:4,(anonymous_1)
FNF:2
FNH:2
FNDA:13,requireTier
FNDA:13,(anonymous_1)
DA:1,1
DA:3,1
DA:4,13
DA:5,13
DA:6,13
DA:7,2
DA:10,11
DA:12,11
DA:20,9
DA:22,9
DA:23,4
DA:30,5
DA:33,2
DA:34,2
LF:14
LH:14
BRDA:6,0,0,2
BRDA:6,0,1,11
BRDA:22,1,0,4
BRDA:22,1,1,5
BRF:4
BRH:4
end_of_record
TN:
SF:src/services/actionToken.service.js
FN:3,generateActionToken
FNF:1
FNH:1
FNDA:1005,generateActionToken
DA:1,5
DA:4,1005
DA:7,5
LF:3
LH:3
BRF:0
BRH:0
end_of_record
TN:
SF:src/services/jwt.service.js
FN:4,generateToken
FN:8,verifyToken
FNF:2
FNH:2
FNDA:13,generateToken
FNDA:16,verifyToken
DA:1,3
DA:2,3
DA:5,13
DA:9,16
DA:12,3
LF:5
LH:5
BRF:0
BRH:0
end_of_record
TN:
SF:src/services/petition.service.js
FN:5,(anonymous_0)
FNF:1
FNH:1
FNDA:16,(anonymous_0)
DA:1,2
DA:2,2
DA:3,2
DA:5,2
DA:6,16
DA:8,16
DA:9,16
DA:13,16
DA:15,15
DA:22,14
DA:23,2
DA:26,12
DA:29,12
DA:30,3
DA:34,9
DA:35,1
DA:39,8
DA:46,5
DA:48,5
DA:56,5
DA:62,5
DA:70,5
DA:77,5
DA:79,5
DA:82,11
DA:84,11
DA:85,2
DA:86,2
DA:87,2
DA:89,9
DA:92,16
LF:31
LH:31
BRDA:22,0,0,2
BRDA:22,0,1,12
BRDA:29,1,0,3
BRDA:29,1,1,9
BRDA:34,2,0,1
BRDA:34,2,1,8
BRDA:34,3,0,9
BRDA:34,3,1,9
BRDA:84,4,0,2
BRDA:84,4,1,9
BRF:10
BRH:10
end_of_record
TN:
SF:src/services/poll.service.js
FN:5,(anonymous_0)
FNF:1
FNH:1
FNDA:19,(anonymous_0)
DA:1,2
DA:2,2
DA:3,2
DA:5,2
DA:6,19
DA:8,19
DA:9,19
DA:11,19
DA:12,8
DA:16,11
DA:18,10
DA:30,10
DA:31,1
DA:34,9
DA:37,9
DA:38,1
DA:42,8
DA:43,1
DA:47,7
DA:54,4
DA:56,4
DA:64,4
DA:70,4
DA:78,4
DA:85,4
DA:87,4
DA:90,15
DA:92,15
DA:93,2
DA:94,2
DA:95,2
DA:98,13
DA:101,19
LF:33
LH:33
BRDA:11,0,0,8
BRDA:11,0,1,11
BRDA:30,1,0,1
BRDA:30,1,1,9
BRDA:37,2,0,1
BRDA:37,2,1,8
BRDA:42,3,0,1
BRDA:42,3,1,7
BRDA:42,4,0,8
BRDA:42,4,1,8
BRDA:92,5,0,2
BRDA:92,5,1,13
BRF:12
BRH:12
end_of_record
TN:
SF:src/services/verification.service.js
FN:3,(anonymous_0)
FNF:1
FNH:1
FNDA:12,(anonymous_0)
DA:1,5
DA:3,5
DA:4,12
DA:13,11
DA:14,5
DA:17,6
DA:18,6
DA:20,6
DA:22,9
DA:25,9
DA:26,5
DA:30,6
LF:12
LH:12
BRDA:13,0,0,5
BRDA:13,0,1,6
BRDA:25,1,0,5
BRDA:25,1,1,4
BRF:4
BRH:4
end_of_record
