TN:
SF:src/controllers/auth.controller.js
FN:10,(anonymous_0)
FN:59,(anonymous_1)
FN:109,(anonymous_2)
FNF:3
FNH:3
FNDA:7,(anonymous_0)
FNDA:8,(anonymous_1)
FNDA:7,(anonymous_2)
DA:1,1
DA:2,1
DA:3,1
DA:5,1
DA:10,1
DA:11,7
DA:12,7
DA:14,7
DA:15,2
DA:18,5
DA:19,1
DA:23,4
DA:25,4
DA:34,2
DA:36,2
DA:40,2
DA:47,2
DA:48,1
DA:51,1
DA:52,1
DA:59,1
DA:60,8
DA:61,8
DA:62,8
DA:64,8
DA:65,1
DA:68,7
DA:69,1
DA:72,6
DA:73,1
DA:76,5
DA:81,4
DA:82,1
DA:85,3
DA:87,3
DA:88,1
DA:91,2
DA:93,2
DA:98,2
DA:101,1
DA:102,1
DA:109,1
DA:110,7
DA:111,7
DA:113,7
DA:114,1
DA:117,6
DA:126,5
DA:127,2
DA:130,3
DA:133,3
DA:135,3
DA:136,2
DA:139,1
DA:143,1
DA:154,1
DA:155,1
LF:57
LH:57
BRDA:14,0,0,2
BRDA:14,0,1,5
BRDA:14,1,0,7
BRDA:14,1,1,6
BRDA:18,2,0,1
BRDA:18,2,1,4
BRDA:47,3,0,1
BRDA:47,3,1,1
BRDA:64,4,0,1
BRDA:64,4,1,7
BRDA:64,5,0,8
BRDA:64,5,1,8
BRDA:68,6,0,1
BRDA:68,6,1,6
BRDA:72,7,0,1
BRDA:72,7,1,5
BRDA:81,8,0,1
BRDA:81,8,1,3
BRDA:87,9,0,1
BRDA:87,9,1,2
BRDA:113,10,0,1
BRDA:113,10,1,6
BRDA:113,11,0,7
BRDA:113,11,1,6
BRDA:126,12,0,2
BRDA:126,12,1,3
BRDA:135,13,0,2
BRDA:135,13,1,1
BRF:28
BRH:28
end_of_record
TN:
SF:src/middleware/auth.middleware.js
FN:3,requireAuth
FNF:1
FNH:1
FNDA:11,requireAuth
DA:1,1
DA:3,1
DA:4,11
DA:6,11
DA:7,3
DA:10,8
DA:12,8
DA:13,8
DA:14,2
DA:15,2
DA:17,6
LF:11
LH:11
BRDA:6,0,0,3
BRDA:6,0,1,8
BRDA:6,1,0,11
BRDA:6,1,1,10
BRF:4
BRH:4
end_of_record
TN:
SF:src/middleware/tier.middleware.js
FN:3,requireTier
FN:4,(anonymous_1)
FNF:2
FNH:2
FNDA:13,requireTier
FNDA:13,(anonymous_1)
DA:1,1
DA:3,1
DA:4,13
DA:5,13
DA:6,13
DA:7,2
DA:10,11
DA:12,11
DA:20,9
DA:22,9
DA:23,4
DA:30,5
DA:33,2
DA:34,2
LF:14
LH:14
BRDA:6,0,0,2
BRDA:6,0,1,11
BRDA:22,1,0,4
BRDA:22,1,1,5
BRF:4
BRH:4
end_of_record
TN:
SF:src/services/actionToken.service.js
FN:3,generateActionToken
FNF:1
FNH:1
FNDA:1005,generateActionToken
DA:1,3
DA:4,1005
DA:7,3
LF:3
LH:3
BRF:0
BRH:0
end_of_record
TN:
SF:src/services/jwt.service.js
FN:4,generateToken
FN:8,verifyToken
FNF:2
FNH:2
FNDA:13,generateToken
FNDA:16,verifyToken
DA:1,3
DA:2,3
DA:5,13
DA:9,16
DA:12,3
LF:5
LH:5
BRF:0
BRH:0
end_of_record
TN:
SF:src/services/petition.service.js
FN:5,(anonymous_0)
FNF:1
FNH:1
FNDA:16,(anonymous_0)
DA:1,1
DA:2,1
DA:3,1
DA:5,1
DA:6,16
DA:8,16
DA:9,16
DA:13,16
DA:15,15
DA:22,14
DA:23,2
DA:26,12
DA:29,12
DA:30,3
DA:34,9
DA:35,1
DA:39,8
DA:46,5
DA:48,5
DA:56,5
DA:62,5
DA:70,5
DA:77,5
DA:79,5
DA:82,11
DA:84,11
DA:85,2
DA:86,2
DA:87,2
DA:89,9
DA:92,16
LF:31
LH:31
BRDA:22,0,0,2
BRDA:22,0,1,12
BRDA:29,1,0,3
BRDA:29,1,1,9
BRDA:34,2,0,1
BRDA:34,2,1,8
BRDA:34,3,0,9
BRDA:34,3,1,9
BRDA:84,4,0,2
BRDA:84,4,1,9
BRF:10
BRH:10
end_of_record
TN:
SF:src/services/poll.service.js
FN:5,(anonymous_0)
FNF:1
FNH:1
FNDA:19,(anonymous_0)
DA:1,1
DA:2,1
DA:3,1
DA:5,1
DA:6,19
DA:8,19
DA:9,19
DA:11,19
DA:12,8
DA:16,11
DA:18,10
DA:30,10
DA:31,1
DA:34,9
DA:37,9
DA:38,1
DA:42,8
DA:43,1
DA:47,7
DA:54,4
DA:56,4
DA:64,4
DA:70,4
DA:78,4
DA:85,4
DA:87,4
DA:90,15
DA:92,15
DA:93,2
DA:94,2
DA:95,2
DA:98,13
DA:101,19
LF:33
LH:33
BRDA:11,0,0,8
BRDA:11,0,1,11
BRDA:30,1,0,1
BRDA:30,1,1,9
BRDA:37,2,0,1
BRDA:37,2,1,8
BRDA:42,3,0,1
BRDA:42,3,1,7
BRDA:42,4,0,8
BRDA:42,4,1,8
BRDA:92,5,0,2
BRDA:92,5,1,13
BRF:12
BRH:12
end_of_record
TN:
SF:src/services/verification.service.js
FN:3,(anonymous_0)
FNF:1
FNH:1
FNDA:12,(anonymous_0)
DA:1,3
DA:3,3
DA:4,12
DA:13,11
DA:14,5
DA:17,6
DA:18,6
DA:20,6
DA:22,9
DA:25,9
DA:26,5
DA:30,6
LF:12
LH:12
BRDA:13,0,0,5
BRDA:13,0,1,6
BRDA:25,1,0,5
BRDA:25,1,1,4
BRF:4
BRH:4
end_of_record
